{"E:\\dev\\veneconvert\\src\\components\\AnimatedButton.tsx": {"path":"E:\\dev\\veneconvert\\src\\components\\AnimatedButton.tsx","statementMap":{"0":{"start":{"line":29,"column":20},"end":{"line":29,"column":57}},"1":{"start":{"line":30,"column":22},"end":{"line":30,"column":59}},"2":{"start":{"line":32,"column":24},"end":{"line":45,"column":3}},"3":{"start":{"line":33,"column":4},"end":{"line":44,"column":15}},"4":{"start":{"line":47,"column":25},"end":{"line":62,"column":3}},"5":{"start":{"line":48,"column":4},"end":{"line":61,"column":15}},"6":{"start":{"line":64,"column":22},"end":{"line":68,"column":3}},"7":{"start":{"line":65,"column":4},"end":{"line":67,"column":5}},"8":{"start":{"line":66,"column":6},"end":{"line":66,"column":16}},"9":{"start":{"line":70,"column":2},"end":{"line":89,"column":4}},"10":{"start":{"line":92,"column":15},"end":{"line":99,"column":2}}},"fnMap":{"0":{"name":"AnimatedButton","decl":{"start":{"line":19,"column":24},"end":{"line":19,"column":38}},"loc":{"start":{"line":28,"column":24},"end":{"line":90,"column":1}},"line":28},"1":{"name":"(anonymous_1)","decl":{"start":{"line":32,"column":24},"end":{"line":32,"column":25}},"loc":{"start":{"line":32,"column":30},"end":{"line":45,"column":3}},"line":32},"2":{"name":"(anonymous_2)","decl":{"start":{"line":47,"column":25},"end":{"line":47,"column":26}},"loc":{"start":{"line":47,"column":31},"end":{"line":62,"column":3}},"line":47},"3":{"name":"(anonymous_3)","decl":{"start":{"line":64,"column":22},"end":{"line":64,"column":23}},"loc":{"start":{"line":64,"column":28},"end":{"line":68,"column":3}},"line":64}},"branchMap":{"0":{"loc":{"start":{"line":25,"column":2},"end":{"line":25,"column":18}},"type":"default-arg","locations":[{"start":{"line":25,"column":13},"end":{"line":25,"column":18}}],"line":25},"1":{"loc":{"start":{"line":27,"column":2},"end":{"line":27,"column":22}},"type":"default-arg","locations":[{"start":{"line":27,"column":15},"end":{"line":27,"column":22}}],"line":27},"2":{"loc":{"start":{"line":65,"column":4},"end":{"line":67,"column":5}},"type":"if","locations":[{"start":{"line":65,"column":4},"end":{"line":67,"column":5}},{"start":{},"end":{}}],"line":65},"3":{"loc":{"start":{"line":84,"column":8},"end":{"line":84,"column":35}},"type":"binary-expr","locations":[{"start":{"line":84,"column":8},"end":{"line":84,"column":16}},{"start":{"line":84,"column":20},"end":{"line":84,"column":35}}],"line":84}},"s":{"0":0,"1":0,"2":0,"3":0,"4":0,"5":0,"6":0,"7":0,"8":0,"9":0,"10":0},"f":{"0":0,"1":0,"2":0,"3":0},"b":{"0":[0],"1":[0],"2":[0,0],"3":[0,0]}}
,"E:\\dev\\veneconvert\\src\\components\\BottomTabs.tsx": {"path":"E:\\dev\\veneconvert\\src\\components\\BottomTabs.tsx","statementMap":{"0":{"start":{"line":48,"column":20},"end":{"line":48,"column":63}},"1":{"start":{"line":49,"column":22},"end":{"line":49,"column":67}},"2":{"start":{"line":50,"column":28},"end":{"line":50,"column":71}},"3":{"start":{"line":52,"column":2},"end":{"line":88,"column":62}},"4":{"start":{"line":53,"column":4},"end":{"line":64,"column":15}},"5":{"start":{"line":66,"column":4},"end":{"line":70,"column":15}},"6":{"start":{"line":72,"column":25},"end":{"line":81,"column":5}},"7":{"start":{"line":82,"column":4},"end":{"line":87,"column":15}},"8":{"start":{"line":90,"column":34},"end":{"line":95,"column":3}},"9":{"start":{"line":91,"column":4},"end":{"line":93,"column":5}},"10":{"start":{"line":92,"column":6},"end":{"line":92,"column":53}},"11":{"start":{"line":94,"column":4},"end":{"line":94,"column":20}},"12":{"start":{"line":97,"column":20},"end":{"line":144,"column":3}},"13":{"start":{"line":102,"column":21},"end":{"line":102,"column":39}},"14":{"start":{"line":104,"column":4},"end":{"line":143,"column":6}},"15":{"start":{"line":113,"column":23},"end":{"line":113,"column":41}},"16":{"start":{"line":146,"column":2},"end":{"line":175,"column":4}},"17":{"start":{"line":178,"column":15},"end":{"line":218,"column":2}}},"fnMap":{"0":{"name":"BottomTabs","decl":{"start":{"line":42,"column":24},"end":{"line":42,"column":34}},"loc":{"start":{"line":47,"column":20},"end":{"line":176,"column":1}},"line":47},"1":{"name":"(anonymous_1)","decl":{"start":{"line":52,"column":18},"end":{"line":52,"column":19}},"loc":{"start":{"line":52,"column":24},"end":{"line":88,"column":3}},"line":52},"2":{"name":"(anonymous_2)","decl":{"start":{"line":90,"column":34},"end":{"line":90,"column":35}},"loc":{"start":{"line":90,"column":77},"end":{"line":95,"column":3}},"line":90},"3":{"name":"(anonymous_3)","decl":{"start":{"line":97,"column":20},"end":{"line":97,"column":21}},"loc":{"start":{"line":101,"column":7},"end":{"line":144,"column":3}},"line":101},"4":{"name":"(anonymous_4)","decl":{"start":{"line":113,"column":17},"end":{"line":113,"column":18}},"loc":{"start":{"line":113,"column":23},"end":{"line":113,"column":41}},"line":113}},"branchMap":{"0":{"loc":{"start":{"line":91,"column":4},"end":{"line":93,"column":5}},"type":"if","locations":[{"start":{"line":91,"column":4},"end":{"line":93,"column":5}},{"start":{},"end":{}}],"line":91},"1":{"loc":{"start":{"line":109,"column":10},"end":{"line":111,"column":11}},"type":"binary-expr","locations":[{"start":{"line":109,"column":10},"end":{"line":109,"column":18}},{"start":{"line":109,"column":22},"end":{"line":111,"column":11}}],"line":109},"2":{"loc":{"start":{"line":124,"column":12},"end":{"line":124,"column":61}},"type":"binary-expr","locations":[{"start":{"line":124,"column":12},"end":{"line":124,"column":20}},{"start":{"line":124,"column":24},"end":{"line":124,"column":61}}],"line":124},"3":{"loc":{"start":{"line":130,"column":21},"end":{"line":130,"column":64}},"type":"cond-expr","locations":[{"start":{"line":130,"column":32},"end":{"line":130,"column":44}},{"start":{"line":130,"column":47},"end":{"line":130,"column":64}}],"line":130},"4":{"loc":{"start":{"line":137,"column":12},"end":{"line":137,"column":66}},"type":"binary-expr","locations":[{"start":{"line":137,"column":12},"end":{"line":137,"column":20}},{"start":{"line":137,"column":24},"end":{"line":137,"column":66}}],"line":137}},"s":{"0":0,"1":0,"2":0,"3":0,"4":0,"5":0,"6":0,"7":0,"8":0,"9":0,"10":0,"11":0,"12":0,"13":0,"14":0,"15":0,"16":0,"17":0},"f":{"0":0,"1":0,"2":0,"3":0,"4":0},"b":{"0":[0,0],"1":[0,0],"2":[0,0],"3":[0,0],"4":[0,0]}}
,"E:\\dev\\veneconvert\\src\\components\\ComparatorTab.tsx": {"path":"E:\\dev\\veneconvert\\src\\components\\ComparatorTab.tsx","statementMap":{"0":{"start":{"line":63,"column":27},"end":{"line":71,"column":3}},"1":{"start":{"line":64,"column":4},"end":{"line":66,"column":5}},"2":{"start":{"line":65,"column":6},"end":{"line":65,"column":27}},"3":{"start":{"line":67,"column":4},"end":{"line":69,"column":5}},"4":{"start":{"line":68,"column":6},"end":{"line":68,"column":26}},"5":{"start":{"line":70,"column":4},"end":{"line":70,"column":31}},"6":{"start":{"line":73,"column":2},"end":{"line":343,"column":4}},"7":{"start":{"line":113,"column":14},"end":{"line":113,"column":42}},"8":{"start":{"line":133,"column":14},"end":{"line":133,"column":42}},"9":{"start":{"line":295,"column":14},"end":{"line":337,"column":21}},"10":{"start":{"line":346,"column":15},"end":{"line":479,"column":2}}},"fnMap":{"0":{"name":"ComparatorTab","decl":{"start":{"line":45,"column":24},"end":{"line":45,"column":37}},"loc":{"start":{"line":62,"column":23},"end":{"line":344,"column":1}},"line":62},"1":{"name":"(anonymous_1)","decl":{"start":{"line":63,"column":27},"end":{"line":63,"column":28}},"loc":{"start":{"line":63,"column":44},"end":{"line":71,"column":3}},"line":63},"2":{"name":"(anonymous_2)","decl":{"start":{"line":112,"column":21},"end":{"line":112,"column":22}},"loc":{"start":{"line":112,"column":27},"end":{"line":114,"column":13}},"line":112},"3":{"name":"(anonymous_3)","decl":{"start":{"line":132,"column":21},"end":{"line":132,"column":22}},"loc":{"start":{"line":132,"column":27},"end":{"line":134,"column":13}},"line":132},"4":{"name":"(anonymous_4)","decl":{"start":{"line":294,"column":54},"end":{"line":294,"column":55}},"loc":{"start":{"line":295,"column":14},"end":{"line":337,"column":21}},"line":295}},"branchMap":{"0":{"loc":{"start":{"line":64,"column":4},"end":{"line":66,"column":5}},"type":"if","locations":[{"start":{"line":64,"column":4},"end":{"line":66,"column":5}},{"start":{},"end":{}}],"line":64},"1":{"loc":{"start":{"line":67,"column":4},"end":{"line":69,"column":5}},"type":"if","locations":[{"start":{"line":67,"column":4},"end":{"line":69,"column":5}},{"start":{},"end":{}}],"line":67},"2":{"loc":{"start":{"line":110,"column":14},"end":{"line":110,"column":73}},"type":"binary-expr","locations":[{"start":{"line":110,"column":14},"end":{"line":110,"column":36}},{"start":{"line":110,"column":40},"end":{"line":110,"column":73}}],"line":110},"3":{"loc":{"start":{"line":119,"column":16},"end":{"line":119,"column":65}},"type":"binary-expr","locations":[{"start":{"line":119,"column":16},"end":{"line":119,"column":38}},{"start":{"line":119,"column":42},"end":{"line":119,"column":65}}],"line":119},"4":{"loc":{"start":{"line":128,"column":14},"end":{"line":130,"column":15}},"type":"binary-expr","locations":[{"start":{"line":128,"column":14},"end":{"line":128,"column":36}},{"start":{"line":128,"column":40},"end":{"line":130,"column":15}}],"line":128},"5":{"loc":{"start":{"line":139,"column":16},"end":{"line":139,"column":65}},"type":"binary-expr","locations":[{"start":{"line":139,"column":16},"end":{"line":139,"column":38}},{"start":{"line":139,"column":42},"end":{"line":139,"column":65}}],"line":139},"6":{"loc":{"start":{"line":235,"column":9},"end":{"line":248,"column":16}},"type":"cond-expr","locations":[{"start":{"line":236,"column":10},"end":{"line":247,"column":29}},{"start":{"line":248,"column":12},"end":{"line":248,"column":16}}],"line":235},"7":{"loc":{"start":{"line":235,"column":9},"end":{"line":235,"column":55}},"type":"binary-expr","locations":[{"start":{"line":235,"column":9},"end":{"line":235,"column":28}},{"start":{"line":235,"column":32},"end":{"line":235,"column":55}}],"line":235},"8":{"loc":{"start":{"line":250,"column":9},"end":{"line":340,"column":16}},"type":"cond-expr","locations":[{"start":{"line":251,"column":10},"end":{"line":339,"column":17}},{"start":{"line":340,"column":12},"end":{"line":340,"column":16}}],"line":250},"9":{"loc":{"start":{"line":250,"column":9},"end":{"line":250,"column":50}},"type":"binary-expr","locations":[{"start":{"line":250,"column":9},"end":{"line":250,"column":27}},{"start":{"line":250,"column":31},"end":{"line":250,"column":50}}],"line":250},"10":{"loc":{"start":{"line":267,"column":13},"end":{"line":289,"column":20}},"type":"cond-expr","locations":[{"start":{"line":268,"column":14},"end":{"line":288,"column":21}},{"start":{"line":289,"column":16},"end":{"line":289,"column":20}}],"line":267},"11":{"loc":{"start":{"line":279,"column":21},"end":{"line":281,"column":28}},"type":"cond-expr","locations":[{"start":{"line":280,"column":24},"end":{"line":280,"column":30}},{"start":{"line":281,"column":24},"end":{"line":281,"column":28}}],"line":279},"12":{"loc":{"start":{"line":299,"column":18},"end":{"line":299,"column":58}},"type":"binary-expr","locations":[{"start":{"line":299,"column":18},"end":{"line":299,"column":29}},{"start":{"line":299,"column":33},"end":{"line":299,"column":58}}],"line":299},"13":{"loc":{"start":{"line":305,"column":20},"end":{"line":305,"column":53}},"type":"binary-expr","locations":[{"start":{"line":305,"column":20},"end":{"line":305,"column":31}},{"start":{"line":305,"column":35},"end":{"line":305,"column":53}}],"line":305},"14":{"loc":{"start":{"line":309,"column":19},"end":{"line":322,"column":19}},"type":"cond-expr","locations":[{"start":{"line":310,"column":20},"end":{"line":319,"column":27}},{"start":{"line":321,"column":20},"end":{"line":321,"column":33}}],"line":309},"15":{"loc":{"start":{"line":327,"column":20},"end":{"line":327,"column":53}},"type":"binary-expr","locations":[{"start":{"line":327,"column":20},"end":{"line":327,"column":31}},{"start":{"line":327,"column":35},"end":{"line":327,"column":53}}],"line":327},"16":{"loc":{"start":{"line":330,"column":19},"end":{"line":332,"column":26}},"type":"cond-expr","locations":[{"start":{"line":331,"column":22},"end":{"line":331,"column":28}},{"start":{"line":332,"column":22},"end":{"line":332,"column":26}}],"line":330}},"s":{"0":0,"1":0,"2":0,"3":0,"4":0,"5":0,"6":0,"7":0,"8":0,"9":0,"10":0},"f":{"0":0,"1":0,"2":0,"3":0,"4":0},"b":{"0":[0,0],"1":[0,0],"2":[0,0],"3":[0,0],"4":[0,0],"5":[0,0],"6":[0,0],"7":[0,0],"8":[0,0],"9":[0,0],"10":[0,0],"11":[0,0],"12":[0,0],"13":[0,0],"14":[0,0],"15":[0,0],"16":[0,0]}}
,"E:\\dev\\veneconvert\\src\\components\\ConverterTab.tsx": {"path":"E:\\dev\\veneconvert\\src\\components\\ConverterTab.tsx","statementMap":{"0":{"start":{"line":49,"column":2},"end":{"line":162,"column":4}},"1":{"start":{"line":165,"column":15},"end":{"line":206,"column":2}}},"fnMap":{"0":{"name":"ConverterTab","decl":{"start":{"line":37,"column":24},"end":{"line":37,"column":36}},"loc":{"start":{"line":48,"column":22},"end":{"line":163,"column":1}},"line":48}},"branchMap":{},"s":{"0":0,"1":0},"f":{"0":0},"b":{}}
,"E:\\dev\\veneconvert\\src\\components\\CurrencyInput.tsx": {"path":"E:\\dev\\veneconvert\\src\\components\\CurrencyInput.tsx","statementMap":{},"fnMap":{},"branchMap":{},"s":{},"f":{},"b":{}}
,"E:\\dev\\veneconvert\\src\\components\\HomeTab.tsx": {"path":"E:\\dev\\veneconvert\\src\\components\\HomeTab.tsx","statementMap":{"0":{"start":{"line":60,"column":2},"end":{"line":377,"column":4}},"1":{"start":{"line":233,"column":12},"end":{"line":233,"column":42}},"2":{"start":{"line":234,"column":12},"end":{"line":234,"column":41}},"3":{"start":{"line":264,"column":12},"end":{"line":264,"column":42}},"4":{"start":{"line":265,"column":12},"end":{"line":265,"column":42}},"5":{"start":{"line":295,"column":12},"end":{"line":295,"column":42}},"6":{"start":{"line":296,"column":12},"end":{"line":296,"column":41}},"7":{"start":{"line":326,"column":12},"end":{"line":326,"column":42}},"8":{"start":{"line":327,"column":12},"end":{"line":327,"column":42}},"9":{"start":{"line":380,"column":15},"end":{"line":502,"column":2}}},"fnMap":{"0":{"name":"HomeTab","decl":{"start":{"line":47,"column":24},"end":{"line":47,"column":31}},"loc":{"start":{"line":59,"column":17},"end":{"line":378,"column":1}},"line":59},"1":{"name":"(anonymous_1)","decl":{"start":{"line":232,"column":19},"end":{"line":232,"column":20}},"loc":{"start":{"line":232,"column":25},"end":{"line":235,"column":11}},"line":232},"2":{"name":"(anonymous_2)","decl":{"start":{"line":263,"column":19},"end":{"line":263,"column":20}},"loc":{"start":{"line":263,"column":25},"end":{"line":266,"column":11}},"line":263},"3":{"name":"(anonymous_3)","decl":{"start":{"line":294,"column":19},"end":{"line":294,"column":20}},"loc":{"start":{"line":294,"column":25},"end":{"line":297,"column":11}},"line":294},"4":{"name":"(anonymous_4)","decl":{"start":{"line":325,"column":19},"end":{"line":325,"column":20}},"loc":{"start":{"line":325,"column":25},"end":{"line":328,"column":11}},"line":325}},"branchMap":{"0":{"loc":{"start":{"line":75,"column":10},"end":{"line":77,"column":52}},"type":"cond-expr","locations":[{"start":{"line":76,"column":14},"end":{"line":76,"column":52}},{"start":{"line":77,"column":14},"end":{"line":77,"column":52}}],"line":75},"1":{"loc":{"start":{"line":101,"column":9},"end":{"line":119,"column":16}},"type":"cond-expr","locations":[{"start":{"line":102,"column":10},"end":{"line":118,"column":17}},{"start":{"line":119,"column":12},"end":{"line":119,"column":16}}],"line":101},"2":{"loc":{"start":{"line":123,"column":9},"end":{"line":215,"column":9}},"type":"cond-expr","locations":[{"start":{"line":124,"column":10},"end":{"line":134,"column":17}},{"start":{"line":136,"column":10},"end":{"line":214,"column":13}}],"line":123},"3":{"loc":{"start":{"line":353,"column":7},"end":{"line":375,"column":14}},"type":"cond-expr","locations":[{"start":{"line":354,"column":8},"end":{"line":374,"column":15}},{"start":{"line":375,"column":10},"end":{"line":375,"column":14}}],"line":353}},"s":{"0":0,"1":0,"2":0,"3":0,"4":0,"5":0,"6":0,"7":0,"8":0,"9":0},"f":{"0":0,"1":0,"2":0,"3":0,"4":0},"b":{"0":[0,0],"1":[0,0],"2":[0,0],"3":[0,0]}}
,"E:\\dev\\veneconvert\\src\\components\\Icons.tsx": {"path":"E:\\dev\\veneconvert\\src\\components\\Icons.tsx","statementMap":{"0":{"start":{"line":11,"column":45},"end":{"line":36,"column":1}},"1":{"start":{"line":15,"column":2},"end":{"line":35,"column":8}},"2":{"start":{"line":38,"column":49},"end":{"line":51,"column":1}},"3":{"start":{"line":42,"column":2},"end":{"line":50,"column":8}},"4":{"start":{"line":53,"column":46},"end":{"line":66,"column":1}},"5":{"start":{"line":57,"column":2},"end":{"line":65,"column":8}},"6":{"start":{"line":68,"column":45},"end":{"line":81,"column":1}},"7":{"start":{"line":72,"column":2},"end":{"line":80,"column":8}},"8":{"start":{"line":83,"column":48},"end":{"line":96,"column":1}},"9":{"start":{"line":87,"column":2},"end":{"line":95,"column":8}},"10":{"start":{"line":98,"column":46},"end":{"line":118,"column":1}},"11":{"start":{"line":102,"column":2},"end":{"line":117,"column":8}},"12":{"start":{"line":120,"column":46},"end":{"line":133,"column":1}},"13":{"start":{"line":124,"column":2},"end":{"line":132,"column":8}},"14":{"start":{"line":135,"column":49},"end":{"line":158,"column":1}},"15":{"start":{"line":139,"column":2},"end":{"line":157,"column":8}},"16":{"start":{"line":160,"column":46},"end":{"line":180,"column":1}},"17":{"start":{"line":164,"column":2},"end":{"line":179,"column":8}},"18":{"start":{"line":182,"column":45},"end":{"line":202,"column":1}},"19":{"start":{"line":186,"column":2},"end":{"line":201,"column":8}},"20":{"start":{"line":204,"column":50},"end":{"line":229,"column":1}},"21":{"start":{"line":208,"column":2},"end":{"line":228,"column":8}},"22":{"start":{"line":231,"column":45},"end":{"line":249,"column":1}},"23":{"start":{"line":235,"column":2},"end":{"line":248,"column":8}},"24":{"start":{"line":251,"column":47},"end":{"line":283,"column":1}},"25":{"start":{"line":255,"column":2},"end":{"line":282,"column":8}},"26":{"start":{"line":285,"column":45},"end":{"line":298,"column":1}},"27":{"start":{"line":289,"column":2},"end":{"line":297,"column":8}},"28":{"start":{"line":300,"column":46},"end":{"line":313,"column":1}},"29":{"start":{"line":304,"column":2},"end":{"line":312,"column":8}},"30":{"start":{"line":315,"column":45},"end":{"line":328,"column":1}},"31":{"start":{"line":319,"column":2},"end":{"line":327,"column":8}},"32":{"start":{"line":330,"column":44},"end":{"line":343,"column":1}},"33":{"start":{"line":334,"column":2},"end":{"line":342,"column":8}},"34":{"start":{"line":345,"column":46},"end":{"line":372,"column":1}},"35":{"start":{"line":349,"column":2},"end":{"line":371,"column":8}},"36":{"start":{"line":374,"column":46},"end":{"line":392,"column":1}},"37":{"start":{"line":378,"column":2},"end":{"line":391,"column":8}},"38":{"start":{"line":394,"column":46},"end":{"line":421,"column":1}},"39":{"start":{"line":398,"column":2},"end":{"line":420,"column":8}},"40":{"start":{"line":423,"column":51},"end":{"line":443,"column":1}},"41":{"start":{"line":427,"column":2},"end":{"line":442,"column":8}},"42":{"start":{"line":445,"column":46},"end":{"line":465,"column":1}},"43":{"start":{"line":449,"column":2},"end":{"line":464,"column":8}},"44":{"start":{"line":467,"column":45},"end":{"line":487,"column":1}},"45":{"start":{"line":471,"column":2},"end":{"line":486,"column":8}},"46":{"start":{"line":489,"column":45},"end":{"line":509,"column":1}},"47":{"start":{"line":493,"column":2},"end":{"line":508,"column":8}},"48":{"start":{"line":511,"column":45},"end":{"line":529,"column":1}},"49":{"start":{"line":515,"column":2},"end":{"line":528,"column":8}},"50":{"start":{"line":532,"column":43},"end":{"line":534,"column":1}},"51":{"start":{"line":533,"column":2},"end":{"line":533,"column":60}},"52":{"start":{"line":536,"column":43},"end":{"line":538,"column":1}},"53":{"start":{"line":537,"column":2},"end":{"line":537,"column":60}},"54":{"start":{"line":540,"column":43},"end":{"line":542,"column":1}},"55":{"start":{"line":541,"column":2},"end":{"line":541,"column":60}},"56":{"start":{"line":544,"column":43},"end":{"line":546,"column":1}},"57":{"start":{"line":545,"column":2},"end":{"line":545,"column":60}},"58":{"start":{"line":548,"column":43},"end":{"line":550,"column":1}},"59":{"start":{"line":549,"column":2},"end":{"line":549,"column":60}},"60":{"start":{"line":552,"column":43},"end":{"line":554,"column":1}},"61":{"start":{"line":553,"column":2},"end":{"line":553,"column":60}},"62":{"start":{"line":556,"column":43},"end":{"line":558,"column":1}},"63":{"start":{"line":557,"column":2},"end":{"line":557,"column":60}},"64":{"start":{"line":560,"column":43},"end":{"line":562,"column":1}},"65":{"start":{"line":561,"column":2},"end":{"line":561,"column":60}},"66":{"start":{"line":564,"column":43},"end":{"line":566,"column":1}},"67":{"start":{"line":565,"column":2},"end":{"line":565,"column":60}},"68":{"start":{"line":568,"column":43},"end":{"line":570,"column":1}},"69":{"start":{"line":569,"column":2},"end":{"line":569,"column":60}},"70":{"start":{"line":573,"column":27},"end":{"line":590,"column":1}},"71":{"start":{"line":574,"column":58},"end":{"line":586,"column":3}},"72":{"start":{"line":588,"column":24},"end":{"line":588,"column":51}},"73":{"start":{"line":589,"column":2},"end":{"line":589,"column":39}},"74":{"start":{"line":593,"column":47},"end":{"line":595,"column":1}},"75":{"start":{"line":594,"column":2},"end":{"line":594,"column":70}},"76":{"start":{"line":597,"column":46},"end":{"line":599,"column":1}},"77":{"start":{"line":598,"column":2},"end":{"line":598,"column":69}},"78":{"start":{"line":601,"column":46},"end":{"line":603,"column":1}},"79":{"start":{"line":602,"column":2},"end":{"line":602,"column":69}},"80":{"start":{"line":605,"column":52},"end":{"line":618,"column":1}},"81":{"start":{"line":609,"column":2},"end":{"line":617,"column":8}},"82":{"start":{"line":620,"column":47},"end":{"line":647,"column":1}},"83":{"start":{"line":624,"column":2},"end":{"line":646,"column":8}}},"fnMap":{"0":{"name":"(anonymous_0)","decl":{"start":{"line":11,"column":45},"end":{"line":11,"column":46}},"loc":{"start":{"line":15,"column":2},"end":{"line":35,"column":8}},"line":15},"1":{"name":"(anonymous_1)","decl":{"start":{"line":38,"column":49},"end":{"line":38,"column":50}},"loc":{"start":{"line":42,"column":2},"end":{"line":50,"column":8}},"line":42},"2":{"name":"(anonymous_2)","decl":{"start":{"line":53,"column":46},"end":{"line":53,"column":47}},"loc":{"start":{"line":57,"column":2},"end":{"line":65,"column":8}},"line":57},"3":{"name":"(anonymous_3)","decl":{"start":{"line":68,"column":45},"end":{"line":68,"column":46}},"loc":{"start":{"line":72,"column":2},"end":{"line":80,"column":8}},"line":72},"4":{"name":"(anonymous_4)","decl":{"start":{"line":83,"column":48},"end":{"line":83,"column":49}},"loc":{"start":{"line":87,"column":2},"end":{"line":95,"column":8}},"line":87},"5":{"name":"(anonymous_5)","decl":{"start":{"line":98,"column":46},"end":{"line":98,"column":47}},"loc":{"start":{"line":102,"column":2},"end":{"line":117,"column":8}},"line":102},"6":{"name":"(anonymous_6)","decl":{"start":{"line":120,"column":46},"end":{"line":120,"column":47}},"loc":{"start":{"line":124,"column":2},"end":{"line":132,"column":8}},"line":124},"7":{"name":"(anonymous_7)","decl":{"start":{"line":135,"column":49},"end":{"line":135,"column":50}},"loc":{"start":{"line":139,"column":2},"end":{"line":157,"column":8}},"line":139},"8":{"name":"(anonymous_8)","decl":{"start":{"line":160,"column":46},"end":{"line":160,"column":47}},"loc":{"start":{"line":164,"column":2},"end":{"line":179,"column":8}},"line":164},"9":{"name":"(anonymous_9)","decl":{"start":{"line":182,"column":45},"end":{"line":182,"column":46}},"loc":{"start":{"line":186,"column":2},"end":{"line":201,"column":8}},"line":186},"10":{"name":"(anonymous_10)","decl":{"start":{"line":204,"column":50},"end":{"line":204,"column":51}},"loc":{"start":{"line":208,"column":2},"end":{"line":228,"column":8}},"line":208},"11":{"name":"(anonymous_11)","decl":{"start":{"line":231,"column":45},"end":{"line":231,"column":46}},"loc":{"start":{"line":235,"column":2},"end":{"line":248,"column":8}},"line":235},"12":{"name":"(anonymous_12)","decl":{"start":{"line":251,"column":47},"end":{"line":251,"column":48}},"loc":{"start":{"line":255,"column":2},"end":{"line":282,"column":8}},"line":255},"13":{"name":"(anonymous_13)","decl":{"start":{"line":285,"column":45},"end":{"line":285,"column":46}},"loc":{"start":{"line":289,"column":2},"end":{"line":297,"column":8}},"line":289},"14":{"name":"(anonymous_14)","decl":{"start":{"line":300,"column":46},"end":{"line":300,"column":47}},"loc":{"start":{"line":304,"column":2},"end":{"line":312,"column":8}},"line":304},"15":{"name":"(anonymous_15)","decl":{"start":{"line":315,"column":45},"end":{"line":315,"column":46}},"loc":{"start":{"line":319,"column":2},"end":{"line":327,"column":8}},"line":319},"16":{"name":"(anonymous_16)","decl":{"start":{"line":330,"column":44},"end":{"line":330,"column":45}},"loc":{"start":{"line":334,"column":2},"end":{"line":342,"column":8}},"line":334},"17":{"name":"(anonymous_17)","decl":{"start":{"line":345,"column":46},"end":{"line":345,"column":47}},"loc":{"start":{"line":349,"column":2},"end":{"line":371,"column":8}},"line":349},"18":{"name":"(anonymous_18)","decl":{"start":{"line":374,"column":46},"end":{"line":374,"column":47}},"loc":{"start":{"line":378,"column":2},"end":{"line":391,"column":8}},"line":378},"19":{"name":"(anonymous_19)","decl":{"start":{"line":394,"column":46},"end":{"line":394,"column":47}},"loc":{"start":{"line":398,"column":2},"end":{"line":420,"column":8}},"line":398},"20":{"name":"(anonymous_20)","decl":{"start":{"line":423,"column":51},"end":{"line":423,"column":52}},"loc":{"start":{"line":427,"column":2},"end":{"line":442,"column":8}},"line":427},"21":{"name":"(anonymous_21)","decl":{"start":{"line":445,"column":46},"end":{"line":445,"column":47}},"loc":{"start":{"line":449,"column":2},"end":{"line":464,"column":8}},"line":449},"22":{"name":"(anonymous_22)","decl":{"start":{"line":467,"column":45},"end":{"line":467,"column":46}},"loc":{"start":{"line":471,"column":2},"end":{"line":486,"column":8}},"line":471},"23":{"name":"(anonymous_23)","decl":{"start":{"line":489,"column":45},"end":{"line":489,"column":46}},"loc":{"start":{"line":493,"column":2},"end":{"line":508,"column":8}},"line":493},"24":{"name":"(anonymous_24)","decl":{"start":{"line":511,"column":45},"end":{"line":511,"column":46}},"loc":{"start":{"line":515,"column":2},"end":{"line":528,"column":8}},"line":515},"25":{"name":"(anonymous_25)","decl":{"start":{"line":532,"column":43},"end":{"line":532,"column":44}},"loc":{"start":{"line":533,"column":2},"end":{"line":533,"column":60}},"line":533},"26":{"name":"(anonymous_26)","decl":{"start":{"line":536,"column":43},"end":{"line":536,"column":44}},"loc":{"start":{"line":537,"column":2},"end":{"line":537,"column":60}},"line":537},"27":{"name":"(anonymous_27)","decl":{"start":{"line":540,"column":43},"end":{"line":540,"column":44}},"loc":{"start":{"line":541,"column":2},"end":{"line":541,"column":60}},"line":541},"28":{"name":"(anonymous_28)","decl":{"start":{"line":544,"column":43},"end":{"line":544,"column":44}},"loc":{"start":{"line":545,"column":2},"end":{"line":545,"column":60}},"line":545},"29":{"name":"(anonymous_29)","decl":{"start":{"line":548,"column":43},"end":{"line":548,"column":44}},"loc":{"start":{"line":549,"column":2},"end":{"line":549,"column":60}},"line":549},"30":{"name":"(anonymous_30)","decl":{"start":{"line":552,"column":43},"end":{"line":552,"column":44}},"loc":{"start":{"line":553,"column":2},"end":{"line":553,"column":60}},"line":553},"31":{"name":"(anonymous_31)","decl":{"start":{"line":556,"column":43},"end":{"line":556,"column":44}},"loc":{"start":{"line":557,"column":2},"end":{"line":557,"column":60}},"line":557},"32":{"name":"(anonymous_32)","decl":{"start":{"line":560,"column":43},"end":{"line":560,"column":44}},"loc":{"start":{"line":561,"column":2},"end":{"line":561,"column":60}},"line":561},"33":{"name":"(anonymous_33)","decl":{"start":{"line":564,"column":43},"end":{"line":564,"column":44}},"loc":{"start":{"line":565,"column":2},"end":{"line":565,"column":60}},"line":565},"34":{"name":"(anonymous_34)","decl":{"start":{"line":568,"column":43},"end":{"line":568,"column":44}},"loc":{"start":{"line":569,"column":2},"end":{"line":569,"column":60}},"line":569},"35":{"name":"(anonymous_35)","decl":{"start":{"line":573,"column":27},"end":{"line":573,"column":28}},"loc":{"start":{"line":573,"column":68},"end":{"line":590,"column":1}},"line":573},"36":{"name":"(anonymous_36)","decl":{"start":{"line":593,"column":47},"end":{"line":593,"column":48}},"loc":{"start":{"line":594,"column":2},"end":{"line":594,"column":70}},"line":594},"37":{"name":"(anonymous_37)","decl":{"start":{"line":597,"column":46},"end":{"line":597,"column":47}},"loc":{"start":{"line":598,"column":2},"end":{"line":598,"column":69}},"line":598},"38":{"name":"(anonymous_38)","decl":{"start":{"line":601,"column":46},"end":{"line":601,"column":47}},"loc":{"start":{"line":602,"column":2},"end":{"line":602,"column":69}},"line":602},"39":{"name":"(anonymous_39)","decl":{"start":{"line":605,"column":52},"end":{"line":605,"column":53}},"loc":{"start":{"line":609,"column":2},"end":{"line":617,"column":8}},"line":609},"40":{"name":"(anonymous_40)","decl":{"start":{"line":620,"column":47},"end":{"line":620,"column":48}},"loc":{"start":{"line":624,"column":2},"end":{"line":646,"column":8}},"line":624}},"branchMap":{"0":{"loc":{"start":{"line":12,"column":2},"end":{"line":12,"column":11}},"type":"default-arg","locations":[{"start":{"line":12,"column":9},"end":{"line":12,"column":11}}],"line":12},"1":{"loc":{"start":{"line":13,"column":2},"end":{"line":13,"column":19}},"type":"default-arg","locations":[{"start":{"line":13,"column":10},"end":{"line":13,"column":19}}],"line":13},"2":{"loc":{"start":{"line":39,"column":2},"end":{"line":39,"column":11}},"type":"default-arg","locations":[{"start":{"line":39,"column":9},"end":{"line":39,"column":11}}],"line":39},"3":{"loc":{"start":{"line":40,"column":2},"end":{"line":40,"column":19}},"type":"default-arg","locations":[{"start":{"line":40,"column":10},"end":{"line":40,"column":19}}],"line":40},"4":{"loc":{"start":{"line":54,"column":2},"end":{"line":54,"column":11}},"type":"default-arg","locations":[{"start":{"line":54,"column":9},"end":{"line":54,"column":11}}],"line":54},"5":{"loc":{"start":{"line":55,"column":2},"end":{"line":55,"column":19}},"type":"default-arg","locations":[{"start":{"line":55,"column":10},"end":{"line":55,"column":19}}],"line":55},"6":{"loc":{"start":{"line":69,"column":2},"end":{"line":69,"column":11}},"type":"default-arg","locations":[{"start":{"line":69,"column":9},"end":{"line":69,"column":11}}],"line":69},"7":{"loc":{"start":{"line":70,"column":2},"end":{"line":70,"column":19}},"type":"default-arg","locations":[{"start":{"line":70,"column":10},"end":{"line":70,"column":19}}],"line":70},"8":{"loc":{"start":{"line":84,"column":2},"end":{"line":84,"column":11}},"type":"default-arg","locations":[{"start":{"line":84,"column":9},"end":{"line":84,"column":11}}],"line":84},"9":{"loc":{"start":{"line":85,"column":2},"end":{"line":85,"column":19}},"type":"default-arg","locations":[{"start":{"line":85,"column":10},"end":{"line":85,"column":19}}],"line":85},"10":{"loc":{"start":{"line":99,"column":2},"end":{"line":99,"column":11}},"type":"default-arg","locations":[{"start":{"line":99,"column":9},"end":{"line":99,"column":11}}],"line":99},"11":{"loc":{"start":{"line":100,"column":2},"end":{"line":100,"column":19}},"type":"default-arg","locations":[{"start":{"line":100,"column":10},"end":{"line":100,"column":19}}],"line":100},"12":{"loc":{"start":{"line":121,"column":2},"end":{"line":121,"column":11}},"type":"default-arg","locations":[{"start":{"line":121,"column":9},"end":{"line":121,"column":11}}],"line":121},"13":{"loc":{"start":{"line":122,"column":2},"end":{"line":122,"column":19}},"type":"default-arg","locations":[{"start":{"line":122,"column":10},"end":{"line":122,"column":19}}],"line":122},"14":{"loc":{"start":{"line":136,"column":2},"end":{"line":136,"column":11}},"type":"default-arg","locations":[{"start":{"line":136,"column":9},"end":{"line":136,"column":11}}],"line":136},"15":{"loc":{"start":{"line":137,"column":2},"end":{"line":137,"column":19}},"type":"default-arg","locations":[{"start":{"line":137,"column":10},"end":{"line":137,"column":19}}],"line":137},"16":{"loc":{"start":{"line":161,"column":2},"end":{"line":161,"column":11}},"type":"default-arg","locations":[{"start":{"line":161,"column":9},"end":{"line":161,"column":11}}],"line":161},"17":{"loc":{"start":{"line":162,"column":2},"end":{"line":162,"column":19}},"type":"default-arg","locations":[{"start":{"line":162,"column":10},"end":{"line":162,"column":19}}],"line":162},"18":{"loc":{"start":{"line":183,"column":2},"end":{"line":183,"column":11}},"type":"default-arg","locations":[{"start":{"line":183,"column":9},"end":{"line":183,"column":11}}],"line":183},"19":{"loc":{"start":{"line":184,"column":2},"end":{"line":184,"column":19}},"type":"default-arg","locations":[{"start":{"line":184,"column":10},"end":{"line":184,"column":19}}],"line":184},"20":{"loc":{"start":{"line":205,"column":2},"end":{"line":205,"column":11}},"type":"default-arg","locations":[{"start":{"line":205,"column":9},"end":{"line":205,"column":11}}],"line":205},"21":{"loc":{"start":{"line":206,"column":2},"end":{"line":206,"column":19}},"type":"default-arg","locations":[{"start":{"line":206,"column":10},"end":{"line":206,"column":19}}],"line":206},"22":{"loc":{"start":{"line":232,"column":2},"end":{"line":232,"column":11}},"type":"default-arg","locations":[{"start":{"line":232,"column":9},"end":{"line":232,"column":11}}],"line":232},"23":{"loc":{"start":{"line":233,"column":2},"end":{"line":233,"column":19}},"type":"default-arg","locations":[{"start":{"line":233,"column":10},"end":{"line":233,"column":19}}],"line":233},"24":{"loc":{"start":{"line":252,"column":2},"end":{"line":252,"column":11}},"type":"default-arg","locations":[{"start":{"line":252,"column":9},"end":{"line":252,"column":11}}],"line":252},"25":{"loc":{"start":{"line":253,"column":2},"end":{"line":253,"column":19}},"type":"default-arg","locations":[{"start":{"line":253,"column":10},"end":{"line":253,"column":19}}],"line":253},"26":{"loc":{"start":{"line":286,"column":2},"end":{"line":286,"column":11}},"type":"default-arg","locations":[{"start":{"line":286,"column":9},"end":{"line":286,"column":11}}],"line":286},"27":{"loc":{"start":{"line":287,"column":2},"end":{"line":287,"column":19}},"type":"default-arg","locations":[{"start":{"line":287,"column":10},"end":{"line":287,"column":19}}],"line":287},"28":{"loc":{"start":{"line":301,"column":2},"end":{"line":301,"column":11}},"type":"default-arg","locations":[{"start":{"line":301,"column":9},"end":{"line":301,"column":11}}],"line":301},"29":{"loc":{"start":{"line":302,"column":2},"end":{"line":302,"column":19}},"type":"default-arg","locations":[{"start":{"line":302,"column":10},"end":{"line":302,"column":19}}],"line":302},"30":{"loc":{"start":{"line":316,"column":2},"end":{"line":316,"column":11}},"type":"default-arg","locations":[{"start":{"line":316,"column":9},"end":{"line":316,"column":11}}],"line":316},"31":{"loc":{"start":{"line":317,"column":2},"end":{"line":317,"column":19}},"type":"default-arg","locations":[{"start":{"line":317,"column":10},"end":{"line":317,"column":19}}],"line":317},"32":{"loc":{"start":{"line":331,"column":2},"end":{"line":331,"column":11}},"type":"default-arg","locations":[{"start":{"line":331,"column":9},"end":{"line":331,"column":11}}],"line":331},"33":{"loc":{"start":{"line":332,"column":2},"end":{"line":332,"column":19}},"type":"default-arg","locations":[{"start":{"line":332,"column":10},"end":{"line":332,"column":19}}],"line":332},"34":{"loc":{"start":{"line":346,"column":2},"end":{"line":346,"column":11}},"type":"default-arg","locations":[{"start":{"line":346,"column":9},"end":{"line":346,"column":11}}],"line":346},"35":{"loc":{"start":{"line":347,"column":2},"end":{"line":347,"column":19}},"type":"default-arg","locations":[{"start":{"line":347,"column":10},"end":{"line":347,"column":19}}],"line":347},"36":{"loc":{"start":{"line":375,"column":2},"end":{"line":375,"column":11}},"type":"default-arg","locations":[{"start":{"line":375,"column":9},"end":{"line":375,"column":11}}],"line":375},"37":{"loc":{"start":{"line":376,"column":2},"end":{"line":376,"column":19}},"type":"default-arg","locations":[{"start":{"line":376,"column":10},"end":{"line":376,"column":19}}],"line":376},"38":{"loc":{"start":{"line":395,"column":2},"end":{"line":395,"column":11}},"type":"default-arg","locations":[{"start":{"line":395,"column":9},"end":{"line":395,"column":11}}],"line":395},"39":{"loc":{"start":{"line":396,"column":2},"end":{"line":396,"column":19}},"type":"default-arg","locations":[{"start":{"line":396,"column":10},"end":{"line":396,"column":19}}],"line":396},"40":{"loc":{"start":{"line":424,"column":2},"end":{"line":424,"column":11}},"type":"default-arg","locations":[{"start":{"line":424,"column":9},"end":{"line":424,"column":11}}],"line":424},"41":{"loc":{"start":{"line":425,"column":2},"end":{"line":425,"column":19}},"type":"default-arg","locations":[{"start":{"line":425,"column":10},"end":{"line":425,"column":19}}],"line":425},"42":{"loc":{"start":{"line":446,"column":2},"end":{"line":446,"column":11}},"type":"default-arg","locations":[{"start":{"line":446,"column":9},"end":{"line":446,"column":11}}],"line":446},"43":{"loc":{"start":{"line":447,"column":2},"end":{"line":447,"column":19}},"type":"default-arg","locations":[{"start":{"line":447,"column":10},"end":{"line":447,"column":19}}],"line":447},"44":{"loc":{"start":{"line":468,"column":2},"end":{"line":468,"column":11}},"type":"default-arg","locations":[{"start":{"line":468,"column":9},"end":{"line":468,"column":11}}],"line":468},"45":{"loc":{"start":{"line":469,"column":2},"end":{"line":469,"column":19}},"type":"default-arg","locations":[{"start":{"line":469,"column":10},"end":{"line":469,"column":19}}],"line":469},"46":{"loc":{"start":{"line":490,"column":2},"end":{"line":490,"column":11}},"type":"default-arg","locations":[{"start":{"line":490,"column":9},"end":{"line":490,"column":11}}],"line":490},"47":{"loc":{"start":{"line":491,"column":2},"end":{"line":491,"column":19}},"type":"default-arg","locations":[{"start":{"line":491,"column":10},"end":{"line":491,"column":19}}],"line":491},"48":{"loc":{"start":{"line":512,"column":2},"end":{"line":512,"column":11}},"type":"default-arg","locations":[{"start":{"line":512,"column":9},"end":{"line":512,"column":11}}],"line":512},"49":{"loc":{"start":{"line":513,"column":2},"end":{"line":513,"column":19}},"type":"default-arg","locations":[{"start":{"line":513,"column":10},"end":{"line":513,"column":19}}],"line":513},"50":{"loc":{"start":{"line":532,"column":46},"end":{"line":532,"column":55}},"type":"default-arg","locations":[{"start":{"line":532,"column":53},"end":{"line":532,"column":55}}],"line":532},"51":{"loc":{"start":{"line":536,"column":46},"end":{"line":536,"column":55}},"type":"default-arg","locations":[{"start":{"line":536,"column":53},"end":{"line":536,"column":55}}],"line":536},"52":{"loc":{"start":{"line":540,"column":46},"end":{"line":540,"column":55}},"type":"default-arg","locations":[{"start":{"line":540,"column":53},"end":{"line":540,"column":55}}],"line":540},"53":{"loc":{"start":{"line":544,"column":46},"end":{"line":544,"column":55}},"type":"default-arg","locations":[{"start":{"line":544,"column":53},"end":{"line":544,"column":55}}],"line":544},"54":{"loc":{"start":{"line":548,"column":46},"end":{"line":548,"column":55}},"type":"default-arg","locations":[{"start":{"line":548,"column":53},"end":{"line":548,"column":55}}],"line":548},"55":{"loc":{"start":{"line":552,"column":46},"end":{"line":552,"column":55}},"type":"default-arg","locations":[{"start":{"line":552,"column":53},"end":{"line":552,"column":55}}],"line":552},"56":{"loc":{"start":{"line":556,"column":46},"end":{"line":556,"column":55}},"type":"default-arg","locations":[{"start":{"line":556,"column":53},"end":{"line":556,"column":55}}],"line":556},"57":{"loc":{"start":{"line":560,"column":46},"end":{"line":560,"column":55}},"type":"default-arg","locations":[{"start":{"line":560,"column":53},"end":{"line":560,"column":55}}],"line":560},"58":{"loc":{"start":{"line":564,"column":46},"end":{"line":564,"column":55}},"type":"default-arg","locations":[{"start":{"line":564,"column":53},"end":{"line":564,"column":55}}],"line":564},"59":{"loc":{"start":{"line":568,"column":46},"end":{"line":568,"column":55}},"type":"default-arg","locations":[{"start":{"line":568,"column":53},"end":{"line":568,"column":55}}],"line":568},"60":{"loc":{"start":{"line":573,"column":46},"end":{"line":573,"column":63}},"type":"default-arg","locations":[{"start":{"line":573,"column":61},"end":{"line":573,"column":63}}],"line":573},"61":{"loc":{"start":{"line":588,"column":24},"end":{"line":588,"column":51}},"type":"binary-expr","locations":[{"start":{"line":588,"column":24},"end":{"line":588,"column":41}},{"start":{"line":588,"column":45},"end":{"line":588,"column":51}}],"line":588},"62":{"loc":{"start":{"line":593,"column":50},"end":{"line":593,"column":59}},"type":"default-arg","locations":[{"start":{"line":593,"column":57},"end":{"line":593,"column":59}}],"line":593},"63":{"loc":{"start":{"line":597,"column":49},"end":{"line":597,"column":58}},"type":"default-arg","locations":[{"start":{"line":597,"column":56},"end":{"line":597,"column":58}}],"line":597},"64":{"loc":{"start":{"line":601,"column":49},"end":{"line":601,"column":58}},"type":"default-arg","locations":[{"start":{"line":601,"column":56},"end":{"line":601,"column":58}}],"line":601},"65":{"loc":{"start":{"line":606,"column":2},"end":{"line":606,"column":11}},"type":"default-arg","locations":[{"start":{"line":606,"column":9},"end":{"line":606,"column":11}}],"line":606},"66":{"loc":{"start":{"line":607,"column":2},"end":{"line":607,"column":19}},"type":"default-arg","locations":[{"start":{"line":607,"column":10},"end":{"line":607,"column":19}}],"line":607},"67":{"loc":{"start":{"line":621,"column":2},"end":{"line":621,"column":11}},"type":"default-arg","locations":[{"start":{"line":621,"column":9},"end":{"line":621,"column":11}}],"line":621},"68":{"loc":{"start":{"line":622,"column":2},"end":{"line":622,"column":19}},"type":"default-arg","locations":[{"start":{"line":622,"column":10},"end":{"line":622,"column":19}}],"line":622}},"s":{"0":0,"1":0,"2":0,"3":0,"4":0,"5":0,"6":0,"7":0,"8":0,"9":0,"10":0,"11":0,"12":0,"13":0,"14":0,"15":0,"16":0,"17":0,"18":0,"19":0,"20":0,"21":0,"22":0,"23":0,"24":0,"25":0,"26":0,"27":0,"28":0,"29":0,"30":0,"31":0,"32":0,"33":0,"34":0,"35":0,"36":0,"37":0,"38":0,"39":0,"40":0,"41":0,"42":0,"43":0,"44":0,"45":0,"46":0,"47":0,"48":0,"49":0,"50":0,"51":0,"52":0,"53":0,"54":0,"55":0,"56":0,"57":0,"58":0,"59":0,"60":0,"61":0,"62":0,"63":0,"64":0,"65":0,"66":0,"67":0,"68":0,"69":0,"70":0,"71":0,"72":0,"73":0,"74":0,"75":0,"76":0,"77":0,"78":0,"79":0,"80":0,"81":0,"82":0,"83":0},"f":{"0":0,"1":0,"2":0,"3":0,"4":0,"5":0,"6":0,"7":0,"8":0,"9":0,"10":0,"11":0,"12":0,"13":0,"14":0,"15":0,"16":0,"17":0,"18":0,"19":0,"20":0,"21":0,"22":0,"23":0,"24":0,"25":0,"26":0,"27":0,"28":0,"29":0,"30":0,"31":0,"32":0,"33":0,"34":0,"35":0,"36":0,"37":0,"38":0,"39":0,"40":0},"b":{"0":[0],"1":[0],"2":[0],"3":[0],"4":[0],"5":[0],"6":[0],"7":[0],"8":[0],"9":[0],"10":[0],"11":[0],"12":[0],"13":[0],"14":[0],"15":[0],"16":[0],"17":[0],"18":[0],"19":[0],"20":[0],"21":[0],"22":[0],"23":[0],"24":[0],"25":[0],"26":[0],"27":[0],"28":[0],"29":[0],"30":[0],"31":[0],"32":[0],"33":[0],"34":[0],"35":[0],"36":[0],"37":[0],"38":[0],"39":[0],"40":[0],"41":[0],"42":[0],"43":[0],"44":[0],"45":[0],"46":[0],"47":[0],"48":[0],"49":[0],"50":[0],"51":[0],"52":[0],"53":[0],"54":[0],"55":[0],"56":[0],"57":[0],"58":[0],"59":[0],"60":[0],"61":[0,0],"62":[0],"63":[0],"64":[0],"65":[0],"66":[0],"67":[0],"68":[0]}}
,"E:\\dev\\veneconvert\\src\\components\\LoadingScreen.tsx": {"path":"E:\\dev\\veneconvert\\src\\components\\LoadingScreen.tsx","statementMap":{"0":{"start":{"line":12,"column":18},"end":{"line":12,"column":42}},"1":{"start":{"line":15,"column":19},"end":{"line":15,"column":56}},"2":{"start":{"line":16,"column":20},"end":{"line":16,"column":59}},"3":{"start":{"line":17,"column":20},"end":{"line":17,"column":57}},"4":{"start":{"line":18,"column":19},"end":{"line":18,"column":56}},"5":{"start":{"line":19,"column":19},"end":{"line":19,"column":56}},"6":{"start":{"line":20,"column":19},"end":{"line":20,"column":56}},"7":{"start":{"line":22,"column":23},"end":{"line":22,"column":71}},"8":{"start":{"line":23,"column":22},"end":{"line":23,"column":70}},"9":{"start":{"line":24,"column":22},"end":{"line":24,"column":70}},"10":{"start":{"line":25,"column":22},"end":{"line":25,"column":70}},"11":{"start":{"line":27,"column":2},"end":{"line":88,"column":9}},"12":{"start":{"line":28,"column":19},"end":{"line":32,"column":6}},"13":{"start":{"line":34,"column":20},"end":{"line":38,"column":6}},"14":{"start":{"line":40,"column":4},"end":{"line":53,"column":6}},"15":{"start":{"line":55,"column":25},"end":{"line":71,"column":5}},"16":{"start":{"line":56,"column":6},"end":{"line":70,"column":8}},"17":{"start":{"line":73,"column":4},"end":{"line":73,"column":49}},"18":{"start":{"line":74,"column":4},"end":{"line":74,"column":33}},"19":{"start":{"line":75,"column":4},"end":{"line":75,"column":52}},"20":{"start":{"line":76,"column":4},"end":{"line":76,"column":54}},"21":{"start":{"line":77,"column":4},"end":{"line":77,"column":54}},"22":{"start":{"line":78,"column":4},"end":{"line":78,"column":32}},"23":{"start":{"line":79,"column":4},"end":{"line":79,"column":32}},"24":{"start":{"line":80,"column":4},"end":{"line":80,"column":32}},"25":{"start":{"line":82,"column":4},"end":{"line":87,"column":6}},"26":{"start":{"line":83,"column":6},"end":{"line":83,"column":35}},"27":{"start":{"line":84,"column":6},"end":{"line":84,"column":34}},"28":{"start":{"line":85,"column":6},"end":{"line":85,"column":34}},"29":{"start":{"line":86,"column":6},"end":{"line":86,"column":34}},"30":{"start":{"line":90,"column":2},"end":{"line":181,"column":4}},"31":{"start":{"line":184,"column":15},"end":{"line":243,"column":2}}},"fnMap":{"0":{"name":"LoadingScreen","decl":{"start":{"line":14,"column":24},"end":{"line":14,"column":37}},"loc":{"start":{"line":14,"column":40},"end":{"line":182,"column":1}},"line":14},"1":{"name":"(anonymous_1)","decl":{"start":{"line":27,"column":12},"end":{"line":27,"column":13}},"loc":{"start":{"line":27,"column":18},"end":{"line":88,"column":3}},"line":27},"2":{"name":"(anonymous_2)","decl":{"start":{"line":55,"column":25},"end":{"line":55,"column":26}},"loc":{"start":{"line":55,"column":66},"end":{"line":71,"column":5}},"line":55},"3":{"name":"(anonymous_3)","decl":{"start":{"line":82,"column":11},"end":{"line":82,"column":12}},"loc":{"start":{"line":82,"column":17},"end":{"line":87,"column":5}},"line":82}},"branchMap":{},"s":{"0":0,"1":0,"2":0,"3":0,"4":0,"5":0,"6":0,"7":0,"8":0,"9":0,"10":0,"11":0,"12":0,"13":0,"14":0,"15":0,"16":0,"17":0,"18":0,"19":0,"20":0,"21":0,"22":0,"23":0,"24":0,"25":0,"26":0,"27":0,"28":0,"29":0,"30":0,"31":0},"f":{"0":0,"1":0,"2":0,"3":0},"b":{}}
,"E:\\dev\\veneconvert\\src\\components\\MoreMenu.tsx": {"path":"E:\\dev\\veneconvert\\src\\components\\MoreMenu.tsx","statementMap":{"0":{"start":{"line":45,"column":18},"end":{"line":45,"column":42}},"1":{"start":{"line":53,"column":19},"end":{"line":53,"column":56}},"2":{"start":{"line":54,"column":20},"end":{"line":54,"column":58}},"3":{"start":{"line":56,"column":2},"end":{"line":85,"column":16}},"4":{"start":{"line":57,"column":4},"end":{"line":84,"column":5}},"5":{"start":{"line":58,"column":6},"end":{"line":70,"column":17}},"6":{"start":{"line":72,"column":6},"end":{"line":83,"column":17}},"7":{"start":{"line":87,"column":2},"end":{"line":89,"column":3}},"8":{"start":{"line":88,"column":4},"end":{"line":88,"column":16}},"9":{"start":{"line":91,"column":20},"end":{"line":122,"column":3}},"10":{"start":{"line":124,"column":2},"end":{"line":190,"column":4}},"11":{"start":{"line":155,"column":12},"end":{"line":185,"column":31}},"12":{"start":{"line":159,"column":16},"end":{"line":159,"column":44}},"13":{"start":{"line":160,"column":16},"end":{"line":160,"column":26}},"14":{"start":{"line":193,"column":15},"end":{"line":275,"column":2}}},"fnMap":{"0":{"name":"MoreMenu","decl":{"start":{"line":47,"column":24},"end":{"line":47,"column":32}},"loc":{"start":{"line":52,"column":18},"end":{"line":191,"column":1}},"line":52},"1":{"name":"(anonymous_1)","decl":{"start":{"line":56,"column":18},"end":{"line":56,"column":19}},"loc":{"start":{"line":56,"column":24},"end":{"line":85,"column":3}},"line":56},"2":{"name":"(anonymous_2)","decl":{"start":{"line":154,"column":25},"end":{"line":154,"column":26}},"loc":{"start":{"line":155,"column":12},"end":{"line":185,"column":31}},"line":155},"3":{"name":"(anonymous_3)","decl":{"start":{"line":158,"column":23},"end":{"line":158,"column":24}},"loc":{"start":{"line":158,"column":29},"end":{"line":161,"column":15}},"line":158}},"branchMap":{"0":{"loc":{"start":{"line":57,"column":4},"end":{"line":84,"column":5}},"type":"if","locations":[{"start":{"line":57,"column":4},"end":{"line":84,"column":5}},{"start":{"line":71,"column":11},"end":{"line":84,"column":5}}],"line":57},"1":{"loc":{"start":{"line":87,"column":2},"end":{"line":89,"column":3}},"type":"if","locations":[{"start":{"line":87,"column":2},"end":{"line":89,"column":3}},{"start":{},"end":{}}],"line":87}},"s":{"0":0,"1":0,"2":0,"3":0,"4":0,"5":0,"6":0,"7":0,"8":0,"9":0,"10":0,"11":0,"12":0,"13":0,"14":0},"f":{"0":0,"1":0,"2":0,"3":0},"b":{"0":[0,0],"1":[0,0]}}
,"E:\\dev\\veneconvert\\src\\components\\Navbar.tsx": {"path":"E:\\dev\\veneconvert\\src\\components\\Navbar.tsx","statementMap":{"0":{"start":{"line":43,"column":48},"end":{"line":43,"column":69}},"1":{"start":{"line":48,"column":7},"end":{"line":52,"column":3}},"2":{"start":{"line":54,"column":27},"end":{"line":68,"column":38}},"3":{"start":{"line":55,"column":19},"end":{"line":55,"column":70}},"4":{"start":{"line":55,"column":46},"end":{"line":55,"column":69}},"5":{"start":{"line":56,"column":4},"end":{"line":58,"column":5}},"6":{"start":{"line":57,"column":6},"end":{"line":57,"column":38}},"7":{"start":{"line":60,"column":22},"end":{"line":60,"column":62}},"8":{"start":{"line":61,"column":4},"end":{"line":63,"column":5}},"9":{"start":{"line":62,"column":6},"end":{"line":62,"column":40}},"10":{"start":{"line":64,"column":4},"end":{"line":66,"column":5}},"11":{"start":{"line":65,"column":6},"end":{"line":65,"column":41}},"12":{"start":{"line":67,"column":4},"end":{"line":67,"column":41}},"13":{"start":{"line":70,"column":19},"end":{"line":70,"column":62}},"14":{"start":{"line":71,"column":20},"end":{"line":71,"column":64}},"15":{"start":{"line":73,"column":2},"end":{"line":87,"column":28}},"16":{"start":{"line":74,"column":4},"end":{"line":86,"column":15}},"17":{"start":{"line":89,"column":2},"end":{"line":236,"column":4}},"18":{"start":{"line":133,"column":31},"end":{"line":133,"column":67}},"19":{"start":{"line":158,"column":38},"end":{"line":158,"column":78}},"20":{"start":{"line":160,"column":20},"end":{"line":166,"column":21}},"21":{"start":{"line":161,"column":22},"end":{"line":161,"column":56}},"22":{"start":{"line":162,"column":27},"end":{"line":166,"column":21}},"23":{"start":{"line":163,"column":22},"end":{"line":163,"column":57}},"24":{"start":{"line":165,"column":22},"end":{"line":165,"column":59}},"25":{"start":{"line":168,"column":20},"end":{"line":204,"column":22}},"26":{"start":{"line":178,"column":26},"end":{"line":178,"column":54}},"27":{"start":{"line":179,"column":26},"end":{"line":179,"column":52}},"28":{"start":{"line":232,"column":25},"end":{"line":232,"column":50}},"29":{"start":{"line":239,"column":15},"end":{"line":395,"column":2}}},"fnMap":{"0":{"name":"Navbar","decl":{"start":{"line":37,"column":24},"end":{"line":37,"column":30}},"loc":{"start":{"line":42,"column":16},"end":{"line":237,"column":1}},"line":42},"1":{"name":"(anonymous_1)","decl":{"start":{"line":54,"column":41},"end":{"line":54,"column":42}},"loc":{"start":{"line":54,"column":47},"end":{"line":68,"column":3}},"line":54},"2":{"name":"(anonymous_2)","decl":{"start":{"line":55,"column":37},"end":{"line":55,"column":38}},"loc":{"start":{"line":55,"column":46},"end":{"line":55,"column":69}},"line":55},"3":{"name":"(anonymous_3)","decl":{"start":{"line":73,"column":18},"end":{"line":73,"column":19}},"loc":{"start":{"line":73,"column":24},"end":{"line":87,"column":3}},"line":73},"4":{"name":"(anonymous_4)","decl":{"start":{"line":133,"column":25},"end":{"line":133,"column":26}},"loc":{"start":{"line":133,"column":31},"end":{"line":133,"column":67}},"line":133},"5":{"name":"(anonymous_5)","decl":{"start":{"line":157,"column":36},"end":{"line":157,"column":37}},"loc":{"start":{"line":157,"column":48},"end":{"line":205,"column":19}},"line":157},"6":{"name":"(anonymous_6)","decl":{"start":{"line":177,"column":33},"end":{"line":177,"column":34}},"loc":{"start":{"line":177,"column":39},"end":{"line":180,"column":25}},"line":177},"7":{"name":"(anonymous_7)","decl":{"start":{"line":232,"column":19},"end":{"line":232,"column":20}},"loc":{"start":{"line":232,"column":25},"end":{"line":232,"column":50}},"line":232}},"branchMap":{"0":{"loc":{"start":{"line":56,"column":4},"end":{"line":58,"column":5}},"type":"if","locations":[{"start":{"line":56,"column":4},"end":{"line":58,"column":5}},{"start":{},"end":{}}],"line":56},"1":{"loc":{"start":{"line":61,"column":4},"end":{"line":63,"column":5}},"type":"if","locations":[{"start":{"line":61,"column":4},"end":{"line":63,"column":5}},{"start":{},"end":{}}],"line":61},"2":{"loc":{"start":{"line":64,"column":4},"end":{"line":66,"column":5}},"type":"if","locations":[{"start":{"line":64,"column":4},"end":{"line":66,"column":5}},{"start":{},"end":{}}],"line":64},"3":{"loc":{"start":{"line":139,"column":20},"end":{"line":139,"column":60}},"type":"binary-expr","locations":[{"start":{"line":139,"column":20},"end":{"line":139,"column":35}},{"start":{"line":139,"column":39},"end":{"line":139,"column":60}}],"line":139},"4":{"loc":{"start":{"line":146,"column":15},"end":{"line":207,"column":15}},"type":"binary-expr","locations":[{"start":{"line":146,"column":15},"end":{"line":146,"column":30}},{"start":{"line":147,"column":16},"end":{"line":206,"column":32}}],"line":146},"5":{"loc":{"start":{"line":153,"column":35},"end":{"line":153,"column":76}},"type":"cond-expr","locations":[{"start":{"line":153,"column":58},"end":{"line":153,"column":64}},{"start":{"line":153,"column":67},"end":{"line":153,"column":76}}],"line":153},"6":{"loc":{"start":{"line":160,"column":20},"end":{"line":166,"column":21}},"type":"if","locations":[{"start":{"line":160,"column":20},"end":{"line":166,"column":21}},{"start":{"line":162,"column":27},"end":{"line":166,"column":21}}],"line":160},"7":{"loc":{"start":{"line":162,"column":27},"end":{"line":166,"column":21}},"type":"if","locations":[{"start":{"line":162,"column":27},"end":{"line":166,"column":21}},{"start":{"line":164,"column":27},"end":{"line":166,"column":21}}],"line":162},"8":{"loc":{"start":{"line":173,"column":26},"end":{"line":175,"column":27}},"type":"binary-expr","locations":[{"start":{"line":173,"column":26},"end":{"line":173,"column":52}},{"start":{"line":173,"column":56},"end":{"line":175,"column":27}}],"line":173},"9":{"loc":{"start":{"line":188,"column":28},"end":{"line":190,"column":29}},"type":"binary-expr","locations":[{"start":{"line":188,"column":28},"end":{"line":188,"column":54}},{"start":{"line":188,"column":58},"end":{"line":190,"column":29}}],"line":188},"10":{"loc":{"start":{"line":195,"column":25},"end":{"line":202,"column":25}},"type":"binary-expr","locations":[{"start":{"line":195,"column":25},"end":{"line":195,"column":51}},{"start":{"line":196,"column":26},"end":{"line":201,"column":28}}],"line":195},"11":{"loc":{"start":{"line":210,"column":13},"end":{"line":224,"column":13}},"type":"binary-expr","locations":[{"start":{"line":210,"column":13},"end":{"line":210,"column":20}},{"start":{"line":211,"column":14},"end":{"line":223,"column":33}}],"line":210},"12":{"loc":{"start":{"line":229,"column":7},"end":{"line":234,"column":7}},"type":"binary-expr","locations":[{"start":{"line":229,"column":7},"end":{"line":229,"column":22}},{"start":{"line":229,"column":26},"end":{"line":229,"column":47}},{"start":{"line":230,"column":8},"end":{"line":233,"column":10}}],"line":229},"13":{"loc":{"start":{"line":242,"column":12},"end":{"line":242,"column":78}},"type":"cond-expr","locations":[{"start":{"line":242,"column":36},"end":{"line":242,"column":38}},{"start":{"line":242,"column":41},"end":{"line":242,"column":78}}],"line":242},"14":{"loc":{"start":{"line":242,"column":47},"end":{"line":242,"column":77}},"type":"binary-expr","locations":[{"start":{"line":242,"column":47},"end":{"line":242,"column":72}},{"start":{"line":242,"column":76},"end":{"line":242,"column":77}}],"line":242},"15":{"loc":{"start":{"line":243,"column":16},"end":{"line":243,"column":74}},"type":"cond-expr","locations":[{"start":{"line":243,"column":40},"end":{"line":243,"column":41}},{"start":{"line":243,"column":44},"end":{"line":243,"column":74}}],"line":243},"16":{"loc":{"start":{"line":243,"column":44},"end":{"line":243,"column":74}},"type":"binary-expr","locations":[{"start":{"line":243,"column":44},"end":{"line":243,"column":69}},{"start":{"line":243,"column":73},"end":{"line":243,"column":74}}],"line":243},"17":{"loc":{"start":{"line":247,"column":8},"end":{"line":268,"column":9}},"type":"cond-expr","locations":[{"start":{"line":248,"column":8},"end":{"line":256,"column":9}},{"start":{"line":257,"column":8},"end":{"line":268,"column":9}}],"line":247},"18":{"loc":{"start":{"line":348,"column":8},"end":{"line":358,"column":9}},"type":"cond-expr","locations":[{"start":{"line":349,"column":8},"end":{"line":351,"column":9}},{"start":{"line":352,"column":8},"end":{"line":358,"column":9}}],"line":348}},"s":{"0":0,"1":0,"2":0,"3":0,"4":0,"5":0,"6":0,"7":0,"8":0,"9":0,"10":0,"11":0,"12":0,"13":0,"14":0,"15":0,"16":0,"17":0,"18":0,"19":0,"20":0,"21":0,"22":0,"23":0,"24":0,"25":0,"26":0,"27":0,"28":0,"29":0},"f":{"0":0,"1":0,"2":0,"3":0,"4":0,"5":0,"6":0,"7":0},"b":{"0":[0,0],"1":[0,0],"2":[0,0],"3":[0,0],"4":[0,0],"5":[0,0],"6":[0,0],"7":[0,0],"8":[0,0],"9":[0,0],"10":[0,0],"11":[0,0],"12":[0,0,0],"13":[0,0],"14":[0,0],"15":[0,0],"16":[0,0],"17":[0,0],"18":[0,0]}}
,"E:\\dev\\veneconvert\\src\\components\\Onboarding.tsx": {"path":"E:\\dev\\veneconvert\\src\\components\\Onboarding.tsx","statementMap":{"0":{"start":{"line":37,"column":18},"end":{"line":37,"column":42}},"1":{"start":{"line":40,"column":42},"end":{"line":40,"column":53}},"2":{"start":{"line":41,"column":20},"end":{"line":41,"column":44}},"3":{"start":{"line":42,"column":19},"end":{"line":42,"column":56}},"4":{"start":{"line":43,"column":20},"end":{"line":43,"column":58}},"5":{"start":{"line":45,"column":2},"end":{"line":58,"column":21}},"6":{"start":{"line":46,"column":4},"end":{"line":57,"column":15}},"7":{"start":{"line":60,"column":21},"end":{"line":70,"column":3}},"8":{"start":{"line":61,"column":4},"end":{"line":69,"column":5}},"9":{"start":{"line":62,"column":6},"end":{"line":62,"column":40}},"10":{"start":{"line":63,"column":6},"end":{"line":66,"column":9}},"11":{"start":{"line":68,"column":6},"end":{"line":68,"column":23}},"12":{"start":{"line":72,"column":21},"end":{"line":74,"column":3}},"13":{"start":{"line":73,"column":4},"end":{"line":73,"column":21}},"14":{"start":{"line":76,"column":25},"end":{"line":108,"column":3}},"15":{"start":{"line":77,"column":4},"end":{"line":77,"column":63}},"16":{"start":{"line":80,"column":21},"end":{"line":80,"column":60}},"17":{"start":{"line":81,"column":4},"end":{"line":107,"column":5}},"18":{"start":{"line":82,"column":6},"end":{"line":104,"column":8}},"19":{"start":{"line":93,"column":14},"end":{"line":98,"column":15}},"20":{"start":{"line":94,"column":16},"end":{"line":94,"column":69}},"21":{"start":{"line":95,"column":16},"end":{"line":95,"column":29}},"22":{"start":{"line":97,"column":16},"end":{"line":97,"column":29}},"23":{"start":{"line":106,"column":6},"end":{"line":106,"column":19}},"24":{"start":{"line":110,"column":25},"end":{"line":113,"column":3}},"25":{"start":{"line":111,"column":4},"end":{"line":111,"column":27}},"26":{"start":{"line":112,"column":4},"end":{"line":112,"column":70}},"27":{"start":{"line":115,"column":27},"end":{"line":130,"column":3}},"28":{"start":{"line":116,"column":4},"end":{"line":129,"column":5}},"29":{"start":{"line":118,"column":8},"end":{"line":118,"column":63}},"30":{"start":{"line":120,"column":8},"end":{"line":120,"column":60}},"31":{"start":{"line":122,"column":8},"end":{"line":122,"column":60}},"32":{"start":{"line":124,"column":8},"end":{"line":124,"column":60}},"33":{"start":{"line":126,"column":8},"end":{"line":126,"column":59}},"34":{"start":{"line":128,"column":8},"end":{"line":128,"column":63}},"35":{"start":{"line":132,"column":2},"end":{"line":216,"column":4}},"36":{"start":{"line":152,"column":24},"end":{"line":152,"column":73}},"37":{"start":{"line":153,"column":10},"end":{"line":153,"column":33}},"38":{"start":{"line":158,"column":10},"end":{"line":183,"column":17}},"39":{"start":{"line":190,"column":12},"end":{"line":199,"column":14}},"40":{"start":{"line":192,"column":29},"end":{"line":192,"column":50}},"41":{"start":{"line":219,"column":15},"end":{"line":300,"column":2}}},"fnMap":{"0":{"name":"Onboarding","decl":{"start":{"line":39,"column":24},"end":{"line":39,"column":34}},"loc":{"start":{"line":39,"column":75},"end":{"line":217,"column":1}},"line":39},"1":{"name":"(anonymous_1)","decl":{"start":{"line":45,"column":12},"end":{"line":45,"column":13}},"loc":{"start":{"line":45,"column":18},"end":{"line":58,"column":3}},"line":45},"2":{"name":"(anonymous_2)","decl":{"start":{"line":60,"column":21},"end":{"line":60,"column":22}},"loc":{"start":{"line":60,"column":27},"end":{"line":70,"column":3}},"line":60},"3":{"name":"(anonymous_3)","decl":{"start":{"line":72,"column":21},"end":{"line":72,"column":22}},"loc":{"start":{"line":72,"column":27},"end":{"line":74,"column":3}},"line":72},"4":{"name":"(anonymous_4)","decl":{"start":{"line":76,"column":25},"end":{"line":76,"column":26}},"loc":{"start":{"line":76,"column":37},"end":{"line":108,"column":3}},"line":76},"5":{"name":"(anonymous_5)","decl":{"start":{"line":92,"column":21},"end":{"line":92,"column":22}},"loc":{"start":{"line":92,"column":46},"end":{"line":99,"column":13}},"line":92},"6":{"name":"(anonymous_6)","decl":{"start":{"line":110,"column":25},"end":{"line":110,"column":26}},"loc":{"start":{"line":110,"column":44},"end":{"line":113,"column":3}},"line":110},"7":{"name":"(anonymous_7)","decl":{"start":{"line":115,"column":27},"end":{"line":115,"column":28}},"loc":{"start":{"line":115,"column":49},"end":{"line":130,"column":3}},"line":115},"8":{"name":"(anonymous_8)","decl":{"start":{"line":151,"column":29},"end":{"line":151,"column":30}},"loc":{"start":{"line":151,"column":36},"end":{"line":154,"column":9}},"line":151},"9":{"name":"(anonymous_9)","decl":{"start":{"line":157,"column":29},"end":{"line":157,"column":30}},"loc":{"start":{"line":158,"column":10},"end":{"line":183,"column":17}},"line":158},"10":{"name":"(anonymous_10)","decl":{"start":{"line":189,"column":31},"end":{"line":189,"column":32}},"loc":{"start":{"line":190,"column":12},"end":{"line":199,"column":14}},"line":190},"11":{"name":"(anonymous_11)","decl":{"start":{"line":192,"column":23},"end":{"line":192,"column":24}},"loc":{"start":{"line":192,"column":29},"end":{"line":192,"column":50}},"line":192}},"branchMap":{"0":{"loc":{"start":{"line":61,"column":4},"end":{"line":69,"column":5}},"type":"if","locations":[{"start":{"line":61,"column":4},"end":{"line":69,"column":5}},{"start":{"line":67,"column":11},"end":{"line":69,"column":5}}],"line":61},"1":{"loc":{"start":{"line":81,"column":4},"end":{"line":107,"column":5}},"type":"if","locations":[{"start":{"line":81,"column":4},"end":{"line":107,"column":5}},{"start":{"line":105,"column":11},"end":{"line":107,"column":5}}],"line":81},"2":{"loc":{"start":{"line":93,"column":14},"end":{"line":98,"column":15}},"type":"if","locations":[{"start":{"line":93,"column":14},"end":{"line":98,"column":15}},{"start":{"line":96,"column":21},"end":{"line":98,"column":15}}],"line":93},"3":{"loc":{"start":{"line":93,"column":18},"end":{"line":93,"column":49}},"type":"binary-expr","locations":[{"start":{"line":93,"column":18},"end":{"line":93,"column":22}},{"start":{"line":93,"column":26},"end":{"line":93,"column":49}}],"line":93},"4":{"loc":{"start":{"line":116,"column":4},"end":{"line":129,"column":5}},"type":"switch","locations":[{"start":{"line":117,"column":6},"end":{"line":118,"column":63}},{"start":{"line":119,"column":6},"end":{"line":120,"column":60}},{"start":{"line":121,"column":6},"end":{"line":122,"column":60}},{"start":{"line":123,"column":6},"end":{"line":124,"column":60}},{"start":{"line":125,"column":6},"end":{"line":126,"column":59}},{"start":{"line":127,"column":6},"end":{"line":128,"column":63}}],"line":116},"5":{"loc":{"start":{"line":195,"column":16},"end":{"line":195,"column":75}},"type":"binary-expr","locations":[{"start":{"line":195,"column":16},"end":{"line":195,"column":38}},{"start":{"line":195,"column":42},"end":{"line":195,"column":75}}],"line":195},"6":{"loc":{"start":{"line":196,"column":16},"end":{"line":196,"column":58}},"type":"binary-expr","locations":[{"start":{"line":196,"column":16},"end":{"line":196,"column":38}},{"start":{"line":196,"column":42},"end":{"line":196,"column":58}}],"line":196},"7":{"loc":{"start":{"line":209,"column":13},"end":{"line":211,"column":27}},"type":"cond-expr","locations":[{"start":{"line":210,"column":16},"end":{"line":210,"column":25}},{"start":{"line":211,"column":16},"end":{"line":211,"column":27}}],"line":209}},"s":{"0":0,"1":0,"2":0,"3":0,"4":0,"5":0,"6":0,"7":0,"8":0,"9":0,"10":0,"11":0,"12":0,"13":0,"14":0,"15":0,"16":0,"17":0,"18":0,"19":0,"20":0,"21":0,"22":0,"23":0,"24":0,"25":0,"26":0,"27":0,"28":0,"29":0,"30":0,"31":0,"32":0,"33":0,"34":0,"35":0,"36":0,"37":0,"38":0,"39":0,"40":0,"41":0},"f":{"0":0,"1":0,"2":0,"3":0,"4":0,"5":0,"6":0,"7":0,"8":0,"9":0,"10":0,"11":0},"b":{"0":[0,0],"1":[0,0],"2":[0,0],"3":[0,0],"4":[0,0,0,0,0,0],"5":[0,0],"6":[0,0],"7":[0,0]}}
,"E:\\dev\\veneconvert\\src\\components\\PulseAnimation.tsx": {"path":"E:\\dev\\veneconvert\\src\\components\\PulseAnimation.tsx","statementMap":{"0":{"start":{"line":15,"column":20},"end":{"line":15,"column":57}},"1":{"start":{"line":16,"column":22},"end":{"line":16,"column":61}},"2":{"start":{"line":18,"column":2},"end":{"line":49,"column":9}},"3":{"start":{"line":19,"column":18},"end":{"line":46,"column":5}},"4":{"start":{"line":47,"column":4},"end":{"line":47,"column":18}},"5":{"start":{"line":48,"column":4},"end":{"line":48,"column":30}},"6":{"start":{"line":48,"column":17},"end":{"line":48,"column":29}},"7":{"start":{"line":51,"column":2},"end":{"line":65,"column":4}},"8":{"start":{"line":68,"column":15},"end":{"line":77,"column":1}}},"fnMap":{"0":{"name":"PulseAnimation","decl":{"start":{"line":10,"column":24},"end":{"line":10,"column":38}},"loc":{"start":{"line":14,"column":24},"end":{"line":66,"column":1}},"line":14},"1":{"name":"(anonymous_1)","decl":{"start":{"line":18,"column":12},"end":{"line":18,"column":13}},"loc":{"start":{"line":18,"column":18},"end":{"line":49,"column":3}},"line":18},"2":{"name":"(anonymous_2)","decl":{"start":{"line":48,"column":11},"end":{"line":48,"column":12}},"loc":{"start":{"line":48,"column":17},"end":{"line":48,"column":29}},"line":48}},"branchMap":{"0":{"loc":{"start":{"line":13,"column":2},"end":{"line":13,"column":40}},"type":"default-arg","locations":[{"start":{"line":13,"column":15},"end":{"line":13,"column":40}}],"line":13}},"s":{"0":0,"1":0,"2":0,"3":0,"4":0,"5":0,"6":0,"7":0,"8":0},"f":{"0":0,"1":0,"2":0},"b":{"0":[0]}}
,"E:\\dev\\veneconvert\\src\\components\\ResultCard.tsx": {"path":"E:\\dev\\veneconvert\\src\\components\\ResultCard.tsx","statementMap":{},"fnMap":{},"branchMap":{},"s":{},"f":{},"b":{}}
,"E:\\dev\\veneconvert\\src\\components\\SwipeableHistoryItem.tsx": {"path":"E:\\dev\\veneconvert\\src\\components\\SwipeableHistoryItem.tsx","statementMap":{"0":{"start":{"line":31,"column":18},"end":{"line":31,"column":42}},"1":{"start":{"line":32,"column":24},"end":{"line":32,"column":36}},"2":{"start":{"line":40,"column":21},"end":{"line":40,"column":58}},"3":{"start":{"line":42,"column":23},"end":{"line":70,"column":11}},"4":{"start":{"line":45,"column":8},"end":{"line":45,"column":45}},"5":{"start":{"line":48,"column":8},"end":{"line":50,"column":9}},"6":{"start":{"line":49,"column":10},"end":{"line":49,"column":79}},"7":{"start":{"line":53,"column":8},"end":{"line":67,"column":9}},"8":{"start":{"line":54,"column":10},"end":{"line":59,"column":21}},"9":{"start":{"line":61,"column":10},"end":{"line":66,"column":21}},"10":{"start":{"line":72,"column":22},"end":{"line":79,"column":3}},"11":{"start":{"line":73,"column":4},"end":{"line":78,"column":15}},"12":{"start":{"line":81,"column":23},"end":{"line":84,"column":3}},"13":{"start":{"line":82,"column":4},"end":{"line":82,"column":15}},"14":{"start":{"line":83,"column":4},"end":{"line":83,"column":18}},"15":{"start":{"line":86,"column":22},"end":{"line":89,"column":3}},"16":{"start":{"line":87,"column":4},"end":{"line":87,"column":14}},"17":{"start":{"line":88,"column":4},"end":{"line":88,"column":18}},"18":{"start":{"line":91,"column":2},"end":{"line":169,"column":4}},"19":{"start":{"line":172,"column":15},"end":{"line":252,"column":2}}},"fnMap":{"0":{"name":"SwipeableHistoryItem","decl":{"start":{"line":34,"column":24},"end":{"line":34,"column":44}},"loc":{"start":{"line":39,"column":30},"end":{"line":170,"column":1}},"line":39},"1":{"name":"(anonymous_1)","decl":{"start":{"line":44,"column":35},"end":{"line":44,"column":36}},"loc":{"start":{"line":44,"column":56},"end":{"line":46,"column":7}},"line":44},"2":{"name":"(anonymous_2)","decl":{"start":{"line":47,"column":26},"end":{"line":47,"column":27}},"loc":{"start":{"line":47,"column":47},"end":{"line":51,"column":7}},"line":47},"3":{"name":"(anonymous_3)","decl":{"start":{"line":52,"column":29},"end":{"line":52,"column":30}},"loc":{"start":{"line":52,"column":50},"end":{"line":68,"column":7}},"line":52},"4":{"name":"(anonymous_4)","decl":{"start":{"line":72,"column":22},"end":{"line":72,"column":23}},"loc":{"start":{"line":72,"column":28},"end":{"line":79,"column":3}},"line":72},"5":{"name":"(anonymous_5)","decl":{"start":{"line":81,"column":23},"end":{"line":81,"column":24}},"loc":{"start":{"line":81,"column":29},"end":{"line":84,"column":3}},"line":81},"6":{"name":"(anonymous_6)","decl":{"start":{"line":86,"column":22},"end":{"line":86,"column":23}},"loc":{"start":{"line":86,"column":28},"end":{"line":89,"column":3}},"line":86}},"branchMap":{"0":{"loc":{"start":{"line":48,"column":8},"end":{"line":50,"column":9}},"type":"if","locations":[{"start":{"line":48,"column":8},"end":{"line":50,"column":9}},{"start":{},"end":{}}],"line":48},"1":{"loc":{"start":{"line":53,"column":8},"end":{"line":67,"column":9}},"type":"if","locations":[{"start":{"line":53,"column":8},"end":{"line":67,"column":9}},{"start":{"line":60,"column":15},"end":{"line":67,"column":9}}],"line":53}},"s":{"0":0,"1":0,"2":0,"3":0,"4":0,"5":0,"6":0,"7":0,"8":0,"9":0,"10":0,"11":0,"12":0,"13":0,"14":0,"15":0,"16":0,"17":0,"18":0,"19":0},"f":{"0":0,"1":0,"2":0,"3":0,"4":0,"5":0,"6":0},"b":{"0":[0,0],"1":[0,0]}}
,"E:\\dev\\veneconvert\\src\\constants\\accessibility.ts": {"path":"E:\\dev\\veneconvert\\src\\constants\\accessibility.ts","statementMap":{"0":{"start":{"line":5,"column":35},"end":{"line":50,"column":10}},"1":{"start":{"line":52,"column":34},"end":{"line":93,"column":10}},"2":{"start":{"line":95,"column":34},"end":{"line":107,"column":10}},"3":{"start":{"line":116,"column":14},"end":{"line":116,"column":23}},"4":{"start":{"line":117,"column":2},"end":{"line":119,"column":5}},"5":{"start":{"line":118,"column":4},"end":{"line":118,"column":53}},"6":{"start":{"line":120,"column":2},"end":{"line":120,"column":15}},"7":{"start":{"line":130,"column":13},"end":{"line":130,"column":21}},"8":{"start":{"line":131,"column":2},"end":{"line":133,"column":5}},"9":{"start":{"line":132,"column":4},"end":{"line":132,"column":51}},"10":{"start":{"line":134,"column":2},"end":{"line":134,"column":14}}},"fnMap":{"0":{"name":"formatAccessibilityLabel","decl":{"start":{"line":112,"column":16},"end":{"line":112,"column":40}},"loc":{"start":{"line":115,"column":10},"end":{"line":121,"column":1}},"line":115},"1":{"name":"(anonymous_1)","decl":{"start":{"line":117,"column":33},"end":{"line":117,"column":34}},"loc":{"start":{"line":117,"column":51},"end":{"line":119,"column":3}},"line":117},"2":{"name":"formatAccessibilityHint","decl":{"start":{"line":126,"column":16},"end":{"line":126,"column":39}},"loc":{"start":{"line":129,"column":10},"end":{"line":135,"column":1}},"line":129},"3":{"name":"(anonymous_3)","decl":{"start":{"line":131,"column":33},"end":{"line":131,"column":34}},"loc":{"start":{"line":131,"column":51},"end":{"line":133,"column":3}},"line":131}},"branchMap":{},"s":{"0":0,"1":0,"2":0,"3":0,"4":0,"5":0,"6":0,"7":0,"8":0,"9":0,"10":0},"f":{"0":0,"1":0,"2":0,"3":0},"b":{}}
,"E:\\dev\\veneconvert\\src\\constants\\recommendations.ts": {"path":"E:\\dev\\veneconvert\\src\\constants\\recommendations.ts","statementMap":{"0":{"start":{"line":1,"column":43},"end":{"line":7,"column":1}},"1":{"start":{"line":9,"column":31},"end":{"line":45,"column":1}}},"fnMap":{},"branchMap":{},"s":{"0":0,"1":0},"f":{},"b":{}}
,"E:\\dev\\veneconvert\\src\\services\\analytics.ts": {"path":"E:\\dev\\veneconvert\\src\\services\\analytics.ts","statementMap":{"0":{"start":{"line":2,"column":32},"end":{"line":31,"column":1}},"1":{"start":{"line":5,"column":4},"end":{"line":5,"column":54}},"2":{"start":{"line":10,"column":4},"end":{"line":10,"column":50}},"3":{"start":{"line":19,"column":4},"end":{"line":19,"column":79}},"4":{"start":{"line":24,"column":4},"end":{"line":24,"column":50}},"5":{"start":{"line":29,"column":4},"end":{"line":29,"column":61}}},"fnMap":{"0":{"name":"(anonymous_0)","decl":{"start":{"line":4,"column":17},"end":{"line":4,"column":18}},"loc":{"start":{"line":4,"column":47},"end":{"line":6,"column":3}},"line":4},"1":{"name":"(anonymous_1)","decl":{"start":{"line":9,"column":12},"end":{"line":9,"column":13}},"loc":{"start":{"line":9,"column":69},"end":{"line":11,"column":3}},"line":9},"2":{"name":"(anonymous_2)","decl":{"start":{"line":14,"column":17},"end":{"line":14,"column":18}},"loc":{"start":{"line":18,"column":7},"end":{"line":20,"column":3}},"line":18},"3":{"name":"(anonymous_3)","decl":{"start":{"line":23,"column":13},"end":{"line":23,"column":14}},"loc":{"start":{"line":23,"column":39},"end":{"line":25,"column":3}},"line":23},"4":{"name":"(anonymous_4)","decl":{"start":{"line":28,"column":19},"end":{"line":28,"column":20}},"loc":{"start":{"line":28,"column":58},"end":{"line":30,"column":3}},"line":28}},"branchMap":{},"s":{"0":0,"1":0,"2":0,"3":0,"4":0,"5":0},"f":{"0":0,"1":0,"2":0,"3":0,"4":0},"b":{}}
,"E:\\dev\\veneconvert\\src\\services\\performance.ts": {"path":"E:\\dev\\veneconvert\\src\\services\\performance.ts","statementMap":{"0":{"start":{"line":3,"column":34},"end":{"line":65,"column":1}},"1":{"start":{"line":6,"column":18},"end":{"line":6,"column":35}},"2":{"start":{"line":7,"column":4},"end":{"line":7,"column":15}},"3":{"start":{"line":8,"column":16},"end":{"line":8,"column":33}},"4":{"start":{"line":9,"column":21},"end":{"line":9,"column":32}},"5":{"start":{"line":11,"column":4},"end":{"line":15,"column":5}},"6":{"start":{"line":12,"column":6},"end":{"line":14,"column":8}},"7":{"start":{"line":17,"column":4},"end":{"line":17,"column":20}},"8":{"start":{"line":25,"column":18},"end":{"line":25,"column":35}},"9":{"start":{"line":26,"column":4},"end":{"line":43,"column":5}},"10":{"start":{"line":27,"column":21},"end":{"line":27,"column":38}},"11":{"start":{"line":28,"column":18},"end":{"line":28,"column":35}},"12":{"start":{"line":29,"column":23},"end":{"line":29,"column":34}},"13":{"start":{"line":31,"column":6},"end":{"line":33,"column":8}},"14":{"start":{"line":34,"column":6},"end":{"line":34,"column":20}},"15":{"start":{"line":36,"column":18},"end":{"line":36,"column":35}},"16":{"start":{"line":37,"column":23},"end":{"line":37,"column":34}},"17":{"start":{"line":38,"column":6},"end":{"line":41,"column":8}},"18":{"start":{"line":42,"column":6},"end":{"line":42,"column":18}},"19":{"start":{"line":48,"column":4},"end":{"line":57,"column":5}},"20":{"start":{"line":49,"column":25},"end":{"line":49,"column":52}},"21":{"start":{"line":50,"column":6},"end":{"line":56,"column":7}},"22":{"start":{"line":51,"column":8},"end":{"line":55,"column":10}},"23":{"start":{"line":58,"column":4},"end":{"line":58,"column":16}},"24":{"start":{"line":63,"column":4},"end":{"line":63,"column":50}}},"fnMap":{"0":{"name":"(anonymous_0)","decl":{"start":{"line":5,"column":17},"end":{"line":5,"column":18}},"loc":{"start":{"line":5,"column":66},"end":{"line":18,"column":3}},"line":5},"1":{"name":"(anonymous_1)","decl":{"start":{"line":21,"column":14},"end":{"line":21,"column":15}},"loc":{"start":{"line":24,"column":19},"end":{"line":44,"column":3}},"line":24},"2":{"name":"(anonymous_2)","decl":{"start":{"line":47,"column":18},"end":{"line":47,"column":19}},"loc":{"start":{"line":47,"column":24},"end":{"line":59,"column":3}},"line":47},"3":{"name":"(anonymous_3)","decl":{"start":{"line":62,"column":14},"end":{"line":62,"column":15}},"loc":{"start":{"line":62,"column":54},"end":{"line":64,"column":3}},"line":62}},"branchMap":{"0":{"loc":{"start":{"line":11,"column":4},"end":{"line":15,"column":5}},"type":"if","locations":[{"start":{"line":11,"column":4},"end":{"line":15,"column":5}},{"start":{},"end":{}}],"line":11},"1":{"loc":{"start":{"line":48,"column":4},"end":{"line":57,"column":5}},"type":"if","locations":[{"start":{"line":48,"column":4},"end":{"line":57,"column":5}},{"start":{},"end":{}}],"line":48},"2":{"loc":{"start":{"line":50,"column":6},"end":{"line":56,"column":7}},"type":"if","locations":[{"start":{"line":50,"column":6},"end":{"line":56,"column":7}},{"start":{},"end":{}}],"line":50}},"s":{"0":0,"1":0,"2":0,"3":0,"4":0,"5":0,"6":0,"7":0,"8":0,"9":0,"10":0,"11":0,"12":0,"13":0,"14":0,"15":0,"16":0,"17":0,"18":0,"19":0,"20":0,"21":0,"22":0,"23":0,"24":0},"f":{"0":0,"1":0,"2":0,"3":0},"b":{"0":[0,0],"1":[0,0],"2":[0,0]}}
[...]
umn":2},"end":{"line":47,"column":3}},"2":{"start":{"line":39,"column":4},"end":{"line":46,"column":6}},"3":{"start":{"line":49,"column":2},"end":{"line":51,"column":3}},"4":{"start":{"line":50,"column":4},"end":{"line":50,"column":16}},"5":{"start":{"line":53,"column":19},"end":{"line":53,"column":38}},"6":{"start":{"line":54,"column":17},"end":{"line":54,"column":34}},"7":{"start":{"line":55,"column":19},"end":{"line":55,"column":36}},"8":{"start":{"line":56,"column":19},"end":{"line":56,"column":36}},"9":{"start":{"line":58,"column":2},"end":{"line":65,"column":4}},"10":{"start":{"line":69,"column":2},"end":{"line":69,"column":59}},"11":{"start":{"line":69,"column":42},"end":{"line":69,"column":57}},"12":{"start":{"line":73,"column":23},"end":{"line":73,"column":50}},"13":{"start":{"line":74,"column":17},"end":{"line":74,"column":49}},"14":{"start":{"line":75,"column":2},"end":{"line":75,"column":42}},"15":{"start":{"line":82,"column":43},"end":{"line":82,"column":45}},"16":{"start":{"line":84,"column":2},"end":{"line":168,"column":3}},"17":{"start":{"line":86,"column":51},"end":{"line":91,"column":6}},"18":{"start":{"line":93,"column":4},"end":{"line":95,"column":5}},"19":{"start":{"line":94,"column":6},"end":{"line":94,"column":38}},"20":{"start":{"line":97,"column":20},"end":{"line":97,"column":39}},"21":{"start":{"line":98,"column":25},"end":{"line":98,"column":49}},"22":{"start":{"line":99,"column":21},"end":{"line":99,"column":61}},"23":{"start":{"line":100,"column":20},"end":{"line":100,"column":58}},"24":{"start":{"line":102,"column":20},"end":{"line":102,"column":44}},"25":{"start":{"line":103,"column":25},"end":{"line":103,"column":54}},"26":{"start":{"line":104,"column":21},"end":{"line":104,"column":64}},"27":{"start":{"line":105,"column":20},"end":{"line":105,"column":61}},"28":{"start":{"line":108,"column":49},"end":{"line":120,"column":5}},"29":{"start":{"line":122,"column":4},"end":{"line":124,"column":5}},"30":{"start":{"line":123,"column":6},"end":{"line":123,"column":23}},"31":{"start":{"line":126,"column":21},"end":{"line":126,"column":44}},"32":{"start":{"line":127,"column":4},"end":{"line":129,"column":5}},"33":{"start":{"line":128,"column":6},"end":{"line":128,"column":16}},"34":{"start":{"line":131,"column":4},"end":{"line":133,"column":5}},"35":{"start":{"line":132,"column":6},"end":{"line":132,"column":36}},"36":{"start":{"line":135,"column":4},"end":{"line":135,"column":17}},"37":{"start":{"line":137,"column":4},"end":{"line":137,"column":62}},"38":{"start":{"line":140,"column":49},"end":{"line":152,"column":5}},"39":{"start":{"line":154,"column":4},"end":{"line":156,"column":5}},"40":{"start":{"line":155,"column":6},"end":{"line":155,"column":23}},"41":{"start":{"line":158,"column":21},"end":{"line":158,"column":44}},"42":{"start":{"line":159,"column":4},"end":{"line":161,"column":5}},"43":{"start":{"line":160,"column":6},"end":{"line":160,"column":16}},"44":{"start":{"line":163,"column":4},"end":{"line":165,"column":5}},"45":{"start":{"line":164,"column":6},"end":{"line":164,"column":36}},"46":{"start":{"line":167,"column":4},"end":{"line":167,"column":17}}},"fnMap":{"0":{"name":"convertCurrency","decl":{"start":{"line":32,"column":16},"end":{"line":32,"column":31}},"loc":{"start":{"line":37,"column":27},"end":{"line":66,"column":1}},"line":37},"1":{"name":"getCurrencyByCode","decl":{"start":{"line":68,"column":16},"end":{"line":68,"column":33}},"loc":{"start":{"line":68,"column":70},"end":{"line":70,"column":1}},"line":68},"2":{"name":"(anonymous_2)","decl":{"start":{"line":69,"column":35},"end":{"line":69,"column":36}},"loc":{"start":{"line":69,"column":42},"end":{"line":69,"column":57}},"line":69},"3":{"name":"formatCurrency","decl":{"start":{"line":72,"column":16},"end":{"line":72,"column":30}},"loc":{"start":{"line":72,"column":73},"end":{"line":76,"column":1}},"line":72},"4":{"name":"getExchangeRates","decl":{"start":{"line":78,"column":22},"end":{"line":78,"column":38}},"loc":{"start":{"line":81,"column":38},"end":{"line":169,"column":1}},"line":81}},"branchMap":{"0":{"loc":{"start":{"line":38,"column":2},"end":{"line":47,"column":3}},"type":"if","locations":[{"start":{"line":38,"column":2},"end":{"line":47,"column":3}},{"start":{},"end":{}}],"line":38},"1":{"loc":{"start":{"line":49,"column":2},"end":{"line":51,"column":3}},"type":"if","locations":[{"start":{"line":49,"column":2},"end":{"line":51,"column":3}},{"start":{},"end":{}}],"line":49},"2":{"loc":{"start":{"line":49,"column":6},"end":{"line":49,"column":48}},"type":"binary-expr","locations":[{"start":{"line":49,"column":6},"end":{"line":49,"column":26}},{"start":{"line":49,"column":30},"end":{"line":49,"column":48}}],"line":49},"3":{"loc":{"start":{"line":74,"column":17},"end":{"line":74,"column":49}},"type":"binary-expr","locations":[{"start":{"line":74,"column":17},"end":{"line":74,"column":37}},{"start":{"line":74,"column":41},"end":{"line":74,"column":49}}],"line":74},"4":{"loc":{"start":{"line":79,"column":2},"end":{"line":79,"column":30}},"type":"default-arg","locations":[{"start":{"line":79,"column":25},"end":{"line":79,"column":30}}],"line":79},"5":{"loc":{"start":{"line":93,"column":4},"end":{"line":95,"column":5}},"type":"if","locations":[{"start":{"line":93,"column":4},"end":{"line":95,"column":5}},{"start":{},"end":{}}],"line":93},"6":{"loc":{"start":{"line":93,"column":8},"end":{"line":93,"column":37}},"type":"binary-expr","locations":[{"start":{"line":93,"column":8},"end":{"line":93,"column":18}},{"start":{"line":93,"column":22},"end":{"line":93,"column":37}}],"line":93},"7":{"loc":{"start":{"line":99,"column":21},"end":{"line":99,"column":61}},"type":"cond-expr","locations":[{"start":{"line":99,"column":34},"end":{"line":99,"column":54}},{"start":{"line":99,"column":57},"end":{"line":99,"column":61}}],"line":99},"8":{"loc":{"start":{"line":100,"column":20},"end":{"line":100,"column":58}},"type":"cond-expr","locations":[{"start":{"line":100,"column":32},"end":{"line":100,"column":51}},{"start":{"line":100,"column":54},"end":{"line":100,"column":58}}],"line":100},"9":{"loc":{"start":{"line":104,"column":21},"end":{"line":104,"column":64}},"type":"cond-expr","locations":[{"start":{"line":104,"column":32},"end":{"line":104,"column":57}},{"start":{"line":104,"column":60},"end":{"line":104,"column":64}}],"line":104},"10":{"loc":{"start":{"line":105,"column":20},"end":{"line":105,"column":61}},"type":"cond-expr","locations":[{"start":{"line":105,"column":30},"end":{"line":105,"column":54}},{"start":{"line":105,"column":57},"end":{"line":105,"column":61}}],"line":105},"11":{"loc":{"start":{"line":111,"column":11},"end":{"line":111,"column":37}},"type":"binary-expr","locations":[{"start":{"line":111,"column":11},"end":{"line":111,"column":19}},{"start":{"line":111,"column":23},"end":{"line":111,"column":37}}],"line":111},"12":{"loc":{"start":{"line":112,"column":11},"end":{"line":112,"column":39}},"type":"binary-expr","locations":[{"start":{"line":112,"column":11},"end":{"line":112,"column":18}},{"start":{"line":112,"column":22},"end":{"line":112,"column":39}}],"line":112},"13":{"loc":{"start":{"line":122,"column":4},"end":{"line":124,"column":5}},"type":"if","locations":[{"start":{"line":122,"column":4},"end":{"line":124,"column":5}},{"start":{},"end":{}}],"line":122},"14":{"loc":{"start":{"line":127,"column":4},"end":{"line":129,"column":5}},"type":"if","locations":[{"start":{"line":127,"column":4},"end":{"line":129,"column":5}},{"start":{},"end":{}}],"line":127},"15":{"loc":{"start":{"line":154,"column":4},"end":{"line":156,"column":5}},"type":"if","locations":[{"start":{"line":154,"column":4},"end":{"line":156,"column":5}},{"start":{},"end":{}}],"line":154},"16":{"loc":{"start":{"line":159,"column":4},"end":{"line":161,"column":5}},"type":"if","locations":[{"start":{"line":159,"column":4},"end":{"line":161,"column":5}},{"start":{},"end":{}}],"line":159}},"s":{"0":0,"1":0,"2":0,"3":0,"4":0,"5":0,"6":0,"7":0,"8":0,"9":0,"10":0,"11":0,"12":0,"13":0,"14":0,"15":0,"16":0,"17":0,"18":0,"19":0,"20":0,"21":0,"22":0,"23":0,"24":0,"25":0,"26":0,"27":0,"28":0,"29":0,"30":0,"31":0,"32":0,"33":0,"34":0,"35":0,"36":0,"37":0,"38":0,"39":0,"40":0,"41":0,"42":0,"43":0,"44":0,"45":0,"46":0},"f":{"0":0,"1":0,"2":0,"3":0,"4":0},"b":{"0":[0,0],"1":[0,0],"2":[0,0],"3":[0,0],"4":[0],"5":[0,0],"6":[0,0],"7":[0,0],"8":[0,0],"9":[0,0],"10":[0,0],"11":[0,0],"12":[0,0],"13":[0,0],"14":[0,0],"15":[0,0],"16":[0,0]}}
,"E:\\dev\\veneconvert\\src\\utils\\ratesHistory.ts": {"path":"E:\\dev\\veneconvert\\src\\utils\\ratesHistory.ts","statementMap":{"0":{"start":{"line":9,"column":35},"end":{"line":9,"column":37}},"1":{"start":{"line":10,"column":14},"end":{"line":10,"column":24}},"2":{"start":{"line":13,"column":16},"end":{"line":13,"column":20}},"3":{"start":{"line":14,"column":20},"end":{"line":14,"column":24}},"4":{"start":{"line":16,"column":2},"end":{"line":33,"column":3}},"5":{"start":{"line":16,"column":15},"end":{"line":16,"column":19}},"6":{"start":{"line":17,"column":17},"end":{"line":17,"column":30}},"7":{"start":{"line":18,"column":4},"end":{"line":18,"column":37}},"8":{"start":{"line":21,"column":4},"end":{"line":21,"column":43}},"9":{"start":{"line":22,"column":4},"end":{"line":22,"column":47}},"10":{"start":{"line":25,"column":4},"end":{"line":25,"column":50}},"11":{"start":{"line":26,"column":4},"end":{"line":26,"column":58}},"12":{"start":{"line":28,"column":4},"end":{"line":32,"column":7}},"13":{"start":{"line":35,"column":2},"end":{"line":35,"column":14}},"14":{"start":{"line":39,"column":2},"end":{"line":56,"column":4}},"15":{"start":{"line":41,"column":19},"end":{"line":41,"column":39}},"16":{"start":{"line":42,"column":6},"end":{"line":42,"column":56}},"17":{"start":{"line":46,"column":37},"end":{"line":46,"column":46}},"18":{"start":{"line":47,"column":32},"end":{"line":47,"column":64}},"19":{"start":{"line":51,"column":37},"end":{"line":51,"column":50}},"20":{"start":{"line":52,"column":32},"end":{"line":52,"column":65}},"21":{"start":{"line":60,"column":20},"end":{"line":60,"column":45}},"22":{"start":{"line":60,"column":39},"end":{"line":60,"column":44}},"23":{"start":{"line":61,"column":24},"end":{"line":61,"column":53}},"24":{"start":{"line":61,"column":43},"end":{"line":61,"column":52}},"25":{"start":{"line":63,"column":17},"end":{"line":63,"column":72}},"26":{"start":{"line":63,"column":44},"end":{"line":63,"column":49}},"27":{"start":{"line":65,"column":4},"end":{"line":65,"column":67}},"28":{"start":{"line":65,"column":35},"end":{"line":65,"column":40}},"29":{"start":{"line":67,"column":17},"end":{"line":67,"column":39}},"30":{"start":{"line":68,"column":17},"end":{"line":68,"column":39}},"31":{"start":{"line":69,"column":21},"end":{"line":69,"column":47}},"32":{"start":{"line":70,"column":21},"end":{"line":70,"column":47}},"33":{"start":{"line":72,"column":21},"end":{"line":72,"column":52}},"34":{"start":{"line":73,"column":22},"end":{"line":73,"column":67}},"35":{"start":{"line":74,"column":20},"end":{"line":74,"column":68}},"36":{"start":{"line":76,"column":2},"end":{"line":90,"column":4}}},"fnMap":{"0":{"name":"generateHistoricalRates","decl":{"start":{"line":8,"column":16},"end":{"line":8,"column":39}},"loc":{"start":{"line":8,"column":79},"end":{"line":36,"column":1}},"line":8},"1":{"name":"getChartData","decl":{"start":{"line":38,"column":16},"end":{"line":38,"column":28}},"loc":{"start":{"line":38,"column":58},"end":{"line":57,"column":1}},"line":38},"2":{"name":"(anonymous_2)","decl":{"start":{"line":40,"column":24},"end":{"line":40,"column":25}},"loc":{"start":{"line":40,"column":35},"end":{"line":43,"column":5}},"line":40},"3":{"name":"(anonymous_3)","decl":{"start":{"line":46,"column":26},"end":{"line":46,"column":27}},"loc":{"start":{"line":46,"column":37},"end":{"line":46,"column":46}},"line":46},"4":{"name":"(anonymous_4)","decl":{"start":{"line":47,"column":15},"end":{"line":47,"column":16}},"loc":{"start":{"line":47,"column":32},"end":{"line":47,"column":64}},"line":47},"5":{"name":"(anonymous_5)","decl":{"start":{"line":51,"column":26},"end":{"line":51,"column":27}},"loc":{"start":{"line":51,"column":37},"end":{"line":51,"column":50}},"line":51},"6":{"name":"(anonymous_6)","decl":{"start":{"line":52,"column":15},"end":{"line":52,"column":16}},"loc":{"start":{"line":52,"column":32},"end":{"line":52,"column":65}},"line":52},"7":{"name":"getRateStats","decl":{"start":{"line":59,"column":16},"end":{"line":59,"column":28}},"loc":{"start":{"line":59,"column":58},"end":{"line":91,"column":1}},"line":59},"8":{"name":"(anonymous_8)","decl":{"start":{"line":60,"column":32},"end":{"line":60,"column":33}},"loc":{"start":{"line":60,"column":39},"end":{"line":60,"column":44}},"line":60},"9":{"name":"(anonymous_9)","decl":{"start":{"line":61,"column":36},"end":{"line":61,"column":37}},"loc":{"start":{"line":61,"column":43},"end":{"line":61,"column":52}},"line":61},"10":{"name":"(anonymous_10)","decl":{"start":{"line":63,"column":34},"end":{"line":63,"column":35}},"loc":{"start":{"line":63,"column":44},"end":{"line":63,"column":49}},"line":63},"11":{"name":"(anonymous_11)","decl":{"start":{"line":65,"column":25},"end":{"line":65,"column":26}},"loc":{"start":{"line":65,"column":35},"end":{"line":65,"column":40}},"line":65}},"branchMap":{"0":{"loc":{"start":{"line":8,"column":40},"end":{"line":8,"column":57}},"type":"default-arg","locations":[{"start":{"line":8,"column":55},"end":{"line":8,"column":57}}],"line":8},"1":{"loc":{"start":{"line":47,"column":16},"end":{"line":47,"column":27}},"type":"default-arg","locations":[{"start":{"line":47,"column":26},"end":{"line":47,"column":27}}],"line":47},"2":{"loc":{"start":{"line":52,"column":16},"end":{"line":52,"column":27}},"type":"default-arg","locations":[{"start":{"line":52,"column":26},"end":{"line":52,"column":27}}],"line":52},"3":{"loc":{"start":{"line":73,"column":22},"end":{"line":73,"column":67}},"type":"binary-expr","locations":[{"start":{"line":73,"column":22},"end":{"line":73,"column":53}},{"start":{"line":73,"column":57},"end":{"line":73,"column":67}}],"line":73}},"s":{"0":0,"1":0,"2":0,"3":0,"4":0,"5":0,"6":0,"7":0,"8":0,"9":0,"10":0,"11":0,"12":0,"13":0,"14":0,"15":0,"16":0,"17":0,"18":0,"19":0,"20":0,"21":0,"22":0,"23":0,"24":0,"25":0,"26":0,"27":0,"28":0,"29":0,"30":0,"31":0,"32":0,"33":0,"34":0,"35":0,"36":0},"f":{"0":0,"1":0,"2":0,"3":0,"4":0,"5":0,"6":0,"7":0,"8":0,"9":0,"10":0,"11":0},"b":{"0":[0],"1":[0],"2":[0],"3":[0,0]}}
,"E:\\dev\\veneconvert\\src\\utils\\responsive.ts": {"path":"E:\\dev\\veneconvert\\src\\utils\\responsive.ts","statementMap":{"0":{"start":{"line":3,"column":26},"end":{"line":3,"column":50}},"1":{"start":{"line":5,"column":24},"end":{"line":11,"column":1}},"2":{"start":{"line":6,"column":22},"end":{"line":6,"column":36}},"3":{"start":{"line":7,"column":2},"end":{"line":10,"column":4}},"4":{"start":{"line":13,"column":25},"end":{"line":15,"column":1}},"5":{"start":{"line":14,"column":2},"end":{"line":14,"column":48}},"6":{"start":{"line":17,"column":24},"end":{"line":19,"column":1}},"7":{"start":{"line":18,"column":2},"end":{"line":18,"column":37}},"8":{"start":{"line":21,"column":29},"end":{"line":32,"column":1}},"9":{"start":{"line":22,"column":2},"end":{"line":24,"column":3}},"10":{"start":{"line":23,"column":4},"end":{"line":23,"column":16}},"11":{"start":{"line":25,"column":2},"end":{"line":27,"column":3}},"12":{"start":{"line":26,"column":4},"end":{"line":26,"column":16}},"13":{"start":{"line":28,"column":2},"end":{"line":30,"column":3}},"14":{"start":{"line":29,"column":4},"end":{"line":29,"column":16}},"15":{"start":{"line":31,"column":2},"end":{"line":31,"column":14}},"16":{"start":{"line":34,"column":26},"end":{"line":43,"column":1}},"17":{"start":{"line":35,"column":21},"end":{"line":35,"column":36}},"18":{"start":{"line":36,"column":46},"end":{"line":41,"column":3}},"19":{"start":{"line":42,"column":2},"end":{"line":42,"column":40}},"20":{"start":{"line":45,"column":27},"end":{"line":54,"column":1}},"21":{"start":{"line":46,"column":21},"end":{"line":46,"column":36}},"22":{"start":{"line":47,"column":46},"end":{"line":52,"column":3}},"23":{"start":{"line":53,"column":2},"end":{"line":53,"column":40}},"24":{"start":{"line":56,"column":33},"end":{"line":65,"column":1}},"25":{"start":{"line":57,"column":21},"end":{"line":57,"column":36}},"26":{"start":{"line":58,"column":41},"end":{"line":63,"column":3}},"27":{"start":{"line":64,"column":2},"end":{"line":64,"column":50}},"28":{"start":{"line":67,"column":30},"end":{"line":76,"column":1}},"29":{"start":{"line":68,"column":21},"end":{"line":68,"column":36}},"30":{"start":{"line":69,"column":42},"end":{"line":74,"column":3}},"31":{"start":{"line":75,"column":2},"end":{"line":75,"column":29}}},"fnMap":{"0":{"name":"(anonymous_0)","decl":{"start":{"line":5,"column":24},"end":{"line":5,"column":25}},"loc":{"start":{"line":5,"column":30},"end":{"line":11,"column":1}},"line":5},"1":{"name":"(anonymous_1)","decl":{"start":{"line":13,"column":25},"end":{"line":13,"column":26}},"loc":{"start":{"line":13,"column":31},"end":{"line":15,"column":1}},"line":13},"2":{"name":"(anonymous_2)","decl":{"start":{"line":17,"column":24},"end":{"line":17,"column":25}},"loc":{"start":{"line":17,"column":30},"end":{"line":19,"column":1}},"line":17},"3":{"name":"(anonymous_3)","decl":{"start":{"line":21,"column":29},"end":{"line":21,"column":30}},"loc":{"start":{"line":21,"column":35},"end":{"line":32,"column":1}},"line":21},"4":{"name":"(anonymous_4)","decl":{"start":{"line":34,"column":26},"end":{"line":34,"column":27}},"loc":{"start":{"line":34,"column":44},"end":{"line":43,"column":1}},"line":34},"5":{"name":"(anonymous_5)","decl":{"start":{"line":45,"column":27},"end":{"line":45,"column":28}},"loc":{"start":{"line":45,"column":45},"end":{"line":54,"column":1}},"line":45},"6":{"name":"(anonymous_6)","decl":{"start":{"line":56,"column":33},"end":{"line":56,"column":34}},"loc":{"start":{"line":56,"column":39},"end":{"line":65,"column":1}},"line":56},"7":{"name":"(anonymous_7)","decl":{"start":{"line":67,"column":30},"end":{"line":67,"column":31}},"loc":{"start":{"line":67,"column":36},"end":{"line":76,"column":1}},"line":67}},"branchMap":{"0":{"loc":{"start":{"line":8,"column":4},"end":{"line":9,"column":37}},"type":"binary-expr","locations":[{"start":{"line":8,"column":5},"end":{"line":8,"column":26}},{"start":{"line":8,"column":30},"end":{"line":8,"column":55}},{"start":{"line":9,"column":5},"end":{"line":9,"column":17}},{"start":{"line":9,"column":21},"end":{"line":9,"column":36}}],"line":8},"1":{"loc":{"start":{"line":14,"column":9},"end":{"line":14,"column":47}},"type":"binary-expr","locations":[{"start":{"line":14,"column":9},"end":{"line":14,"column":30}},{"start":{"line":14,"column":34},"end":{"line":14,"column":47}}],"line":14},"2":{"loc":{"start":{"line":18,"column":9},"end":{"line":18,"column":36}},"type":"binary-expr","locations":[{"start":{"line":18,"column":9},"end":{"line":18,"column":20}},{"start":{"line":18,"column":24},"end":{"line":18,"column":36}}],"line":18},"3":{"loc":{"start":{"line":22,"column":2},"end":{"line":24,"column":3}},"type":"if","locations":[{"start":{"line":22,"column":2},"end":{"line":24,"column":3}},{"start":{},"end":{}}],"line":22},"4":{"loc":{"start":{"line":25,"column":2},"end":{"line":27,"column":3}},"type":"if","locations":[{"start":{"line":25,"column":2},"end":{"line":27,"column":3}},{"start":{},"end":{}}],"line":25},"5":{"loc":{"start":{"line":28,"column":2},"end":{"line":30,"column":3}},"type":"if","locations":[{"start":{"line":28,"column":2},"end":{"line":30,"column":3}},{"start":{},"end":{}}],"line":28}},"s":{"0":0,"1":0,"2":0,"3":0,"4":0,"5":0,"6":0,"7":0,"8":0,"9":0,"10":0,"11":0,"12":0,"13":0,"14":0,"15":0,"16":0,"17":0,"18":0,"19":0,"20":0,"21":0,"22":0,"23":0,"24":0,"25":0,"26":0,"27":0,"28":0,"29":0,"30":0,"31":0},"f":{"0":0,"1":0,"2":0,"3":0,"4":0,"5":0,"6":0,"7":0},"b":{"0":[0,0,0,0],"1":[0,0],"2":[0,0],"3":[0,0],"4":[0,0],"5":[0,0]}}
}
