TN:
SF:src\components\AnimatedButton.tsx
FN:19,AnimatedButton
FN:32,(anonymous_1)
FN:47,(anonymous_2)
FN:64,(anonymous_3)
FNF:4
FNH:0
FNDA:0,AnimatedButton
FNDA:0,(anonymous_1)
FNDA:0,(anonymous_2)
FNDA:0,(anonymous_3)
DA:29,0
DA:30,0
DA:32,0
DA:33,0
DA:47,0
DA:48,0
DA:64,0
DA:65,0
DA:66,0
DA:70,0
DA:92,0
LF:11
LH:0
BRDA:25,0,0,0
BRDA:27,1,0,0
BRDA:65,2,0,0
BRDA:65,2,1,0
BRDA:84,3,0,0
BRDA:84,3,1,0
BRF:6
BRH:0
end_of_record
TN:
SF:src\components\BottomTabs.tsx
FN:42,BottomTabs
FN:52,(anonymous_1)
FN:90,(anonymous_2)
FN:97,(anonymous_3)
FN:113,(anonymous_4)
FNF:5
FNH:0
FNDA:0,BottomTabs
FNDA:0,(anonymous_1)
FNDA:0,(anonymous_2)
FNDA:0,(anonymous_3)
FNDA:0,(anonymous_4)
DA:48,0
DA:49,0
DA:50,0
DA:52,0
DA:53,0
DA:66,0
DA:72,0
DA:82,0
DA:90,0
DA:91,0
DA:92,0
DA:94,0
DA:97,0
DA:102,0
DA:104,0
DA:113,0
DA:146,0
DA:178,0
LF:18
LH:0
BRDA:91,0,0,0
BRDA:91,0,1,0
BRDA:109,1,0,0
BRDA:109,1,1,0
BRDA:124,2,0,0
BRDA:124,2,1,0
BRDA:130,3,0,0
BRDA:130,3,1,0
BRDA:137,4,0,0
BRDA:137,4,1,0
BRF:10
BRH:0
end_of_record
TN:
SF:src\components\ComparatorTab.tsx
FN:45,ComparatorTab
FN:63,(anonymous_1)
FN:112,(anonymous_2)
FN:132,(anonymous_3)
FN:294,(anonymous_4)
FNF:5
FNH:0
FNDA:0,ComparatorTab
FNDA:0,(anonymous_1)
FNDA:0,(anonymous_2)
FNDA:0,(anonymous_3)
FNDA:0,(anonymous_4)
DA:63,0
DA:64,0
DA:65,0
DA:67,0
DA:68,0
DA:70,0
DA:73,0
DA:113,0
DA:133,0
DA:295,0
DA:346,0
LF:11
LH:0
BRDA:64,0,0,0
BRDA:64,0,1,0
BRDA:67,1,0,0
BRDA:67,1,1,0
BRDA:110,2,0,0
BRDA:110,2,1,0
BRDA:119,3,0,0
BRDA:119,3,1,0
BRDA:128,4,0,0
BRDA:128,4,1,0
BRDA:139,5,0,0
BRDA:139,5,1,0
BRDA:235,6,0,0
BRDA:235,6,1,0
BRDA:235,7,0,0
BRDA:235,7,1,0
BRDA:250,8,0,0
BRDA:250,8,1,0
BRDA:250,9,0,0
BRDA:250,9,1,0
BRDA:267,10,0,0
BRDA:267,10,1,0
BRDA:279,11,0,0
BRDA:279,11,1,0
BRDA:299,12,0,0
BRDA:299,12,1,0
BRDA:305,13,0,0
BRDA:305,13,1,0
BRDA:309,14,0,0
BRDA:309,14,1,0
BRDA:327,15,0,0
BRDA:327,15,1,0
BRDA:330,16,0,0
BRDA:330,16,1,0
BRF:34
BRH:0
end_of_record
TN:
SF:src\components\ConverterTab.tsx
FN:37,ConverterTab
FNF:1
FNH:0
FNDA:0,ConverterTab
DA:49,0
DA:165,0
LF:2
LH:0
BRF:0
BRH:0
end_of_record
TN:
SF:src\components\CurrencyInput.tsx
FNF:0
FNH:0
LF:0
LH:0
BRF:0
BRH:0
end_of_record
TN:
SF:src\components\HomeTab.tsx
FN:47,HomeTab
FN:232,(anonymous_1)
FN:263,(anonymous_2)
FN:294,(anonymous_3)
FN:325,(anonymous_4)
FNF:5
FNH:0
FNDA:0,HomeTab
FNDA:0,(anonymous_1)
FNDA:0,(anonymous_2)
FNDA:0,(anonymous_3)
FNDA:0,(anonymous_4)
DA:60,0
DA:233,0
DA:234,0
DA:264,0
DA:265,0
DA:295,0
DA:296,0
DA:326,0
DA:327,0
DA:380,0
LF:10
LH:0
BRDA:75,0,0,0
BRDA:75,0,1,0
BRDA:101,1,0,0
BRDA:101,1,1,0
BRDA:123,2,0,0
BRDA:123,2,1,0
BRDA:353,3,0,0
BRDA:353,3,1,0
BRF:8
BRH:0
end_of_record
TN:
SF:src\components\Icons.tsx
FN:11,(anonymous_0)
FN:38,(anonymous_1)
FN:53,(anonymous_2)
FN:68,(anonymous_3)
FN:83,(anonymous_4)
FN:98,(anonymous_5)
FN:120,(anonymous_6)
FN:135,(anonymous_7)
FN:160,(anonymous_8)
FN:182,(anonymous_9)
FN:204,(anonymous_10)
FN:231,(anonymous_11)
FN:251,(anonymous_12)
FN:285,(anonymous_13)
FN:300,(anonymous_14)
FN:315,(anonymous_15)
FN:330,(anonymous_16)
FN:345,(anonymous_17)
FN:374,(anonymous_18)
FN:394,(anonymous_19)
FN:423,(anonymous_20)
FN:445,(anonymous_21)
FN:467,(anonymous_22)
FN:489,(anonymous_23)
FN:511,(anonymous_24)
FN:532,(anonymous_25)
FN:536,(anonymous_26)
FN:540,(anonymous_27)
FN:544,(anonymous_28)
FN:548,(anonymous_29)
FN:552,(anonymous_30)
FN:556,(anonymous_31)
FN:560,(anonymous_32)
FN:564,(anonymous_33)
FN:568,(anonymous_34)
FN:573,(anonymous_35)
FN:593,(anonymous_36)
FN:597,(anonymous_37)
FN:601,(anonymous_38)
FN:605,(anonymous_39)
FN:620,(anonymous_40)
FNF:41
FNH:0
FNDA:0,(anonymous_0)
FNDA:0,(anonymous_1)
FNDA:0,(anonymous_2)
FNDA:0,(anonymous_3)
FNDA:0,(anonymous_4)
FNDA:0,(anonymous_5)
FNDA:0,(anonymous_6)
FNDA:0,(anonymous_7)
FNDA:0,(anonymous_8)
FNDA:0,(anonymous_9)
FNDA:0,(anonymous_10)
FNDA:0,(anonymous_11)
FNDA:0,(anonymous_12)
FNDA:0,(anonymous_13)
FNDA:0,(anonymous_14)
FNDA:0,(anonymous_15)
FNDA:0,(anonymous_16)
FNDA:0,(anonymous_17)
FNDA:0,(anonymous_18)
FNDA:0,(anonymous_19)
FNDA:0,(anonymous_20)
FNDA:0,(anonymous_21)
FNDA:0,(anonymous_22)
FNDA:0,(anonymous_23)
FNDA:0,(anonymous_24)
FNDA:0,(anonymous_25)
FNDA:0,(anonymous_26)
FNDA:0,(anonymous_27)
FNDA:0,(anonymous_28)
FNDA:0,(anonymous_29)
FNDA:0,(anonymous_30)
FNDA:0,(anonymous_31)
FNDA:0,(anonymous_32)
FNDA:0,(anonymous_33)
FNDA:0,(anonymous_34)
FNDA:0,(anonymous_35)
FNDA:0,(anonymous_36)
FNDA:0,(anonymous_37)
FNDA:0,(anonymous_38)
FNDA:0,(anonymous_39)
FNDA:0,(anonymous_40)
DA:11,0
DA:15,0
DA:38,0
DA:42,0
DA:53,0
DA:57,0
DA:68,0
DA:72,0
DA:83,0
DA:87,0
DA:98,0
DA:102,0
DA:120,0
DA:124,0
DA:135,0
DA:139,0
DA:160,0
DA:164,0
DA:182,0
DA:186,0
DA:204,0
DA:208,0
DA:231,0
DA:235,0
DA:251,0
DA:255,0
DA:285,0
DA:289,0
DA:300,0
DA:304,0
DA:315,0
DA:319,0
DA:330,0
DA:334,0
DA:345,0
DA:349,0
DA:374,0
DA:378,0
DA:394,0
DA:398,0
DA:423,0
DA:427,0
DA:445,0
DA:449,0
DA:467,0
DA:471,0
DA:489,0
DA:493,0
DA:511,0
DA:515,0
DA:532,0
DA:533,0
DA:536,0
DA:537,0
DA:540,0
DA:541,0
DA:544,0
DA:545,0
DA:548,0
DA:549,0
DA:552,0
DA:553,0
DA:556,0
DA:557,0
DA:560,0
DA:561,0
DA:564,0
DA:565,0
DA:568,0
DA:569,0
DA:573,0
DA:574,0
DA:588,0
DA:589,0
DA:593,0
DA:594,0
DA:597,0
DA:598,0
DA:601,0
DA:602,0
DA:605,0
DA:609,0
DA:620,0
DA:624,0
LF:84
LH:0
BRDA:12,0,0,0
BRDA:13,1,0,0
BRDA:39,2,0,0
BRDA:40,3,0,0
BRDA:54,4,0,0
BRDA:55,5,0,0
BRDA:69,6,0,0
BRDA:70,7,0,0
BRDA:84,8,0,0
BRDA:85,9,0,0
BRDA:99,10,0,0
BRDA:100,11,0,0
BRDA:121,12,0,0
BRDA:122,13,0,0
BRDA:136,14,0,0
BRDA:137,15,0,0
BRDA:161,16,0,0
BRDA:162,17,0,0
BRDA:183,18,0,0
BRDA:184,19,0,0
BRDA:205,20,0,0
BRDA:206,21,0,0
BRDA:232,22,0,0
BRDA:233,23,0,0
BRDA:252,24,0,0
BRDA:253,25,0,0
BRDA:286,26,0,0
BRDA:287,27,0,0
BRDA:301,28,0,0
BRDA:302,29,0,0
BRDA:316,30,0,0
BRDA:317,31,0,0
BRDA:331,32,0,0
BRDA:332,33,0,0
BRDA:346,34,0,0
BRDA:347,35,0,0
BRDA:375,36,0,0
BRDA:376,37,0,0
BRDA:395,38,0,0
BRDA:396,39,0,0
BRDA:424,40,0,0
BRDA:425,41,0,0
BRDA:446,42,0,0
BRDA:447,43,0,0
BRDA:468,44,0,0
BRDA:469,45,0,0
BRDA:490,46,0,0
BRDA:491,47,0,0
BRDA:512,48,0,0
BRDA:513,49,0,0
BRDA:532,50,0,0
BRDA:536,51,0,0
BRDA:540,52,0,0
BRDA:544,53,0,0
BRDA:548,54,0,0
BRDA:552,55,0,0
BRDA:556,56,0,0
BRDA:560,57,0,0
BRDA:564,58,0,0
BRDA:568,59,0,0
BRDA:573,60,0,0
BRDA:588,61,0,0
BRDA:588,61,1,0
BRDA:593,62,0,0
BRDA:597,63,0,0
BRDA:601,64,0,0
BRDA:606,65,0,0
BRDA:607,66,0,0
BRDA:621,67,0,0
BRDA:622,68,0,0
BRF:70
BRH:0
end_of_record
TN:
SF:src\components\LoadingScreen.tsx
FN:14,LoadingScreen
FN:27,(anonymous_1)
FN:55,(anonymous_2)
FN:82,(anonymous_3)
FNF:4
FNH:0
FNDA:0,LoadingScreen
FNDA:0,(anonymous_1)
FNDA:0,(anonymous_2)
FNDA:0,(anonymous_3)
DA:12,0
DA:15,0
DA:16,0
DA:17,0
DA:18,0
DA:19,0
DA:20,0
DA:22,0
DA:23,0
DA:24,0
DA:25,0
DA:27,0
DA:28,0
DA:34,0
DA:40,0
DA:55,0
DA:56,0
DA:73,0
DA:74,0
DA:75,0
DA:76,0
DA:77,0
DA:78,0
DA:79,0
DA:80,0
DA:82,0
DA:83,0
DA:84,0
DA:85,0
DA:86,0
DA:90,0
DA:184,0
LF:32
LH:0
BRF:0
BRH:0
end_of_record
TN:
SF:src\components\MoreMenu.tsx
FN:47,MoreMenu
FN:56,(anonymous_1)
FN:154,(anonymous_2)
FN:158,(anonymous_3)
FNF:4
FNH:0
FNDA:0,MoreMenu
FNDA:0,(anonymous_1)
FNDA:0,(anonymous_2)
FNDA:0,(anonymous_3)
DA:45,0
DA:53,0
DA:54,0
DA:56,0
DA:57,0
DA:58,0
DA:72,0
DA:87,0
DA:88,0
DA:91,0
DA:124,0
DA:155,0
DA:159,0
DA:160,0
DA:193,0
LF:15
LH:0
BRDA:57,0,0,0
BRDA:57,0,1,0
BRDA:87,1,0,0
BRDA:87,1,1,0
BRF:4
BRH:0
end_of_record
TN:
SF:src\components\Navbar.tsx
FN:37,Navbar
FN:54,(anonymous_1)
FN:55,(anonymous_2)
FN:73,(anonymous_3)
FN:133,(anonymous_4)
FN:157,(anonymous_5)
FN:177,(anonymous_6)
FN:232,(anonymous_7)
FNF:8
FNH:0
FNDA:0,Navbar
FNDA:0,(anonymous_1)
FNDA:0,(anonymous_2)
FNDA:0,(anonymous_3)
FNDA:0,(anonymous_4)
FNDA:0,(anonymous_5)
FNDA:0,(anonymous_6)
FNDA:0,(anonymous_7)
DA:43,0
DA:48,0
DA:54,0
DA:55,0
DA:56,0
DA:57,0
DA:60,0
DA:61,0
DA:62,0
DA:64,0
DA:65,0
DA:67,0
DA:70,0
DA:71,0
DA:73,0
DA:74,0
DA:89,0
DA:133,0
DA:158,0
DA:160,0
DA:161,0
DA:162,0
DA:163,0
DA:165,0
DA:168,0
DA:178,0
DA:179,0
DA:232,0
DA:239,0
LF:29
LH:0
BRDA:56,0,0,0
BRDA:56,0,1,0
BRDA:61,1,0,0
BRDA:61,1,1,0
BRDA:64,2,0,0
BRDA:64,2,1,0
BRDA:139,3,0,0
BRDA:139,3,1,0
BRDA:146,4,0,0
BRDA:146,4,1,0
BRDA:153,5,0,0
BRDA:153,5,1,0
BRDA:160,6,0,0
BRDA:160,6,1,0
BRDA:162,7,0,0
BRDA:162,7,1,0
BRDA:173,8,0,0
BRDA:173,8,1,0
BRDA:188,9,0,0
BRDA:188,9,1,0
BRDA:195,10,0,0
BRDA:195,10,1,0
BRDA:210,11,0,0
BRDA:210,11,1,0
BRDA:229,12,0,0
BRDA:229,12,1,0
BRDA:229,12,2,0
BRDA:242,13,0,0
BRDA:242,13,1,0
BRDA:242,14,0,0
BRDA:242,14,1,0
BRDA:243,15,0,0
BRDA:243,15,1,0
BRDA:243,16,0,0
BRDA:243,16,1,0
BRDA:247,17,0,0
BRDA:247,17,1,0
BRDA:348,18,0,0
BRDA:348,18,1,0
BRF:39
BRH:0
end_of_record
TN:
SF:src\components\Onboarding.tsx
FN:39,Onboarding
FN:45,(anonymous_1)
FN:60,(anonymous_2)
FN:72,(anonymous_3)
FN:76,(anonymous_4)
FN:92,(anonymous_5)
FN:110,(anonymous_6)
FN:115,(anonymous_7)
FN:151,(anonymous_8)
FN:157,(anonymous_9)
FN:189,(anonymous_10)
FN:192,(anonymous_11)
FNF:12
FNH:0
FNDA:0,Onboarding
FNDA:0,(anonymous_1)
FNDA:0,(anonymous_2)
FNDA:0,(anonymous_3)
FNDA:0,(anonymous_4)
FNDA:0,(anonymous_5)
FNDA:0,(anonymous_6)
FNDA:0,(anonymous_7)
FNDA:0,(anonymous_8)
FNDA:0,(anonymous_9)
FNDA:0,(anonymous_10)
FNDA:0,(anonymous_11)
DA:37,0
DA:40,0
DA:41,0
DA:42,0
DA:43,0
DA:45,0
DA:46,0
DA:60,0
DA:61,0
DA:62,0
DA:63,0
DA:68,0
DA:72,0
DA:73,0
DA:76,0
DA:77,0
DA:80,0
DA:81,0
DA:82,0
DA:93,0
DA:94,0
DA:95,0
DA:97,0
DA:106,0
DA:110,0
DA:111,0
DA:112,0
DA:115,0
DA:116,0
DA:118,0
DA:120,0
DA:122,0
DA:124,0
DA:126,0
DA:128,0
DA:132,0
DA:152,0
DA:153,0
DA:158,0
DA:190,0
DA:192,0
DA:219,0
LF:42
LH:0
BRDA:61,0,0,0
BRDA:61,0,1,0
BRDA:81,1,0,0
BRDA:81,1,1,0
BRDA:93,2,0,0
BRDA:93,2,1,0
BRDA:93,3,0,0
BRDA:93,3,1,0
BRDA:116,4,0,0
BRDA:116,4,1,0
BRDA:116,4,2,0
BRDA:116,4,3,0
BRDA:116,4,4,0
BRDA:116,4,5,0
BRDA:195,5,0,0
BRDA:195,5,1,0
BRDA:196,6,0,0
BRDA:196,6,1,0
BRDA:209,7,0,0
BRDA:209,7,1,0
BRF:20
BRH:0
end_of_record
TN:
SF:src\components\PulseAnimation.tsx
FN:10,PulseAnimation
FN:18,(anonymous_1)
FN:48,(anonymous_2)
FNF:3
FNH:0
FNDA:0,PulseAnimation
FNDA:0,(anonymous_1)
FNDA:0,(anonymous_2)
DA:15,0
DA:16,0
DA:18,0
DA:19,0
DA:47,0
DA:48,0
DA:51,0
DA:68,0
LF:8
LH:0
BRDA:13,0,0,0
BRF:1
BRH:0
end_of_record
TN:
SF:src\components\ResultCard.tsx
FNF:0
FNH:0
LF:0
LH:0
BRF:0
BRH:0
end_of_record
TN:
SF:src\components\SwipeableHistoryItem.tsx
FN:34,SwipeableHistoryItem
FN:44,(anonymous_1)
FN:47,(anonymous_2)
FN:52,(anonymous_3)
FN:72,(anonymous_4)
FN:81,(anonymous_5)
FN:86,(anonymous_6)
FNF:7
FNH:0
FNDA:0,SwipeableHistoryItem
FNDA:0,(anonymous_1)
FNDA:0,(anonymous_2)
FNDA:0,(anonymous_3)
FNDA:0,(anonymous_4)
FNDA:0,(anonymous_5)
FNDA:0,(anonymous_6)
DA:31,0
DA:32,0
DA:40,0
DA:42,0
DA:45,0
DA:48,0
DA:49,0
DA:53,0
DA:54,0
DA:61,0
DA:72,0
DA:73,0
DA:81,0
DA:82,0
DA:83,0
DA:86,0
DA:87,0
DA:88,0
DA:91,0
DA:172,0
LF:20
LH:0
BRDA:48,0,0,0
BRDA:48,0,1,0
BRDA:53,1,0,0
BRDA:53,1,1,0
BRF:4
BRH:0
end_of_record
TN:
SF:src\constants\accessibility.ts
FN:112,formatAccessibilityLabel
FN:117,(anonymous_1)
FN:126,formatAccessibilityHint
FN:131,(anonymous_3)
FNF:4
FNH:0
FNDA:0,formatAccessibilityLabel
FNDA:0,(anonymous_1)
FNDA:0,formatAccessibilityHint
FNDA:0,(anonymous_3)
DA:5,0
DA:52,0
DA:95,0
DA:116,0
DA:117,0
DA:118,0
DA:120,0
DA:130,0
DA:131,0
DA:132,0
DA:134,0
LF:11
LH:0
BRF:0
BRH:0
end_of_record
TN:
SF:src\constants\recommendations.ts
FNF:0
FNH:0
DA:1,0
DA:9,0
LF:2
LH:0
BRF:0
BRH:0
end_of_record
TN:
SF:src\services\analytics.ts
FN:4,(anonymous_0)
FN:9,(anonymous_1)
FN:14,(anonymous_2)
FN:23,(anonymous_3)
FN:28,(anonymous_4)
FNF:5
FNH:0
FNDA:0,(anonymous_0)
FNDA:0,(anonymous_1)
FNDA:0,(anonymous_2)
FNDA:0,(anonymous_3)
FNDA:0,(anonymous_4)
DA:2,0
DA:5,0
DA:10,0
DA:19,0
DA:24,0
DA:29,0
LF:6
LH:0
BRF:0
BRH:0
end_of_record
TN:
SF:src\services\performance.ts
FN:5,(anonymous_0)
FN:21,(anonymous_1)
FN:47,(anonymous_2)
FN:62,(anonymous_3)
FNF:4
FNH:0
FNDA:0,(anonymous_0)
FNDA:0,(anonymous_1)
FNDA:0,(anonymous_2)
FNDA:0,(anonymous_3)
DA:3,0
DA:6,0
DA:7,0
DA:8,0
DA:9,0
DA:11,0
DA:12,0
DA:17,0
DA:25,0
DA:26,0
DA:27,0
DA:28,0
DA:29,0
DA:31,0
DA:34,0
DA:36,0
DA:37,0
DA:38,0
DA:42,0
DA:48,0
DA:49,0
DA:50,0
DA:51,0
DA:58,0
DA:63,0
LF:25
LH:0
BRDA:11,0,0,0
BRDA:11,0,1,0
BRDA:48,1,0,0
BRDA:48,1,1,0
BRDA:50,2,0,0
BRDA:50,2,1,0
BRF:6
BRH:0
end_of_record
TN:
SF:src\services\sentry.ts
FN:4,(anonymous_0)
FN:14,(anonymous_1)
FN:18,(anonymous_2)
FN:25,(anonymous_3)
FN:29,(anonymous_4)
FN:33,(anonymous_5)
FNF:6
FNH:0
FNDA:0,(anonymous_0)
FNDA:0,(anonymous_1)
FNDA:0,(anonymous_2)
FNDA:0,(anonymous_3)
FNDA:0,(anonymous_4)
FNDA:0,(anonymous_5)
DA:3,0
DA:5,0
DA:15,0
DA:22,0
DA:26,0
DA:30,0
DA:38,0
LF:7
LH:0
BRDA:6,0,0,0
BRDA:6,0,1,0
BRDA:8,1,0,0
BRDA:8,1,1,0
BRDA:20,2,0,0
BRF:5
BRH:0
end_of_record
TN:
SF:src\theme\colors.ts
FNF:0
FNH:0
DA:1,0
DA:36,0
LF:2
LH:0
BRF:0
BRH:0
end_of_record
TN:
SF:src\utils\accessibility.ts
FN:3,announceForAccessibility
FN:10,isScreenReaderEnabled
FN:17,getAccessibilityLabel
FN:58,getAccessibilityHint
FNF:4
FNH:0
FNDA:0,announceForAccessibility
FNDA:0,isScreenReaderEnabled
FNDA:0,getAccessibilityLabel
FNDA:0,getAccessibilityHint
DA:4,0
DA:5,0
DA:7,0
DA:11,0
DA:12,0
DA:14,0
DA:22,0
DA:24,0
DA:26,0
DA:27,0
DA:29,0
DA:30,0
DA:32,0
DA:33,0
DA:35,0
DA:36,0
DA:38,0
DA:39,0
DA:41,0
DA:42,0
DA:44,0
DA:47,0
DA:48,0
DA:51,0
DA:52,0
DA:55,0
DA:59,0
DA:72,0
LF:28
LH:0
BRDA:4,0,0,0
BRDA:4,0,1,0
BRDA:11,1,0,0
BRDA:11,1,1,0
BRDA:24,2,0,0
BRDA:24,2,1,0
BRDA:24,2,2,0
BRDA:24,2,3,0
BRDA:24,2,4,0
BRDA:24,2,5,0
BRDA:24,2,6,0
BRDA:47,3,0,0
BRDA:47,3,1,0
BRDA:51,4,0,0
BRDA:51,4,1,0
BRDA:72,5,0,0
BRDA:72,5,1,0
BRF:17
BRH:0
end_of_record
TN:
SF:src\utils\alerts.ts
FN:15,saveAlert
FN:33,getAlerts
FN:47,updateAlert
FN:53,(anonymous_3)
FN:62,deleteAlert
FN:65,(anonymous_5)
FN:72,checkAlerts
FN:121,formatAlertMessage
FNF:8
FNH:0
FNDA:0,saveAlert
FNDA:0,getAlerts
FNDA:0,updateAlert
FNDA:0,(anonymous_3)
FNDA:0,deleteAlert
FNDA:0,(anonymous_5)
FNDA:0,checkAlerts
FNDA:0,formatAlertMessage
DA:13,0
DA:18,0
DA:19,0
DA:20,0
DA:26,0
DA:27,0
DA:29,0
DA:34,0
DA:35,0
DA:36,0
DA:37,0
DA:40,0
DA:42,0
DA:43,0
DA:51,0
DA:52,0
DA:53,0
DA:54,0
DA:56,0
DA:58,0
DA:63,0
DA:64,0
DA:65,0
DA:66,0
DA:68,0
DA:77,0
DA:78,0
DA:79,0
DA:81,0
DA:82,0
DA:83,0
DA:87,0
DA:89,0
DA:90,0
DA:92,0
DA:93,0
DA:95,0
DA:96,0
DA:98,0
DA:101,0
DA:102,0
DA:103,0
DA:104,0
DA:105,0
DA:108,0
DA:109,0
DA:110,0
DA:114,0
DA:116,0
DA:117,0
DA:125,0
DA:127,0
DA:133,0
LF:53
LH:0
BRDA:36,0,0,0
BRDA:36,0,1,0
BRDA:54,1,0,0
BRDA:54,1,1,0
BRDA:82,2,0,0
BRDA:82,2,1,0
BRDA:82,3,0,0
BRDA:82,3,1,0
BRDA:87,4,0,0
BRDA:87,4,1,0
BRDA:87,4,2,0
BRDA:87,4,3,0
BRDA:102,5,0,0
BRDA:102,5,1,0
BRDA:102,6,0,0
BRDA:102,6,1,0
BRDA:104,7,0,0
BRDA:104,7,1,0
BRDA:104,8,0,0
BRDA:104,8,1,0
BRDA:108,9,0,0
BRDA:108,9,1,0
BRDA:125,10,0,0
BRDA:125,10,1,0
BRDA:127,11,0,0
BRDA:127,11,1,0
BRDA:129,12,0,0
BRDA:129,12,1,0
BRF:28
BRH:0
end_of_record
TN:
SF:src\utils\calculations.ts
FN:36,analizarCompra
FN:76,(anonymous_1)
FN:95,(anonymous_2)
FN:123,(anonymous_3)
FN:142,(anonymous_4)
FNF:5
FNH:5
FNDA:14,analizarCompra
FNDA:8,(anonymous_1)
FNDA:16,(anonymous_2)
FNDA:2,(anonymous_3)
FNDA:4,(anonymous_4)
DA:44,14
DA:51,4
DA:54,10
DA:59,10
DA:60,8
DA:61,8
DA:63,8
DA:76,8
DA:78,8
DA:79,8
DA:80,8
DA:82,8
DA:83,8
DA:84,7
DA:86,1
DA:90,8
DA:95,16
DA:106,2
DA:108,2
DA:110,2
DA:123,2
DA:125,2
DA:126,2
DA:127,2
DA:129,2
DA:130,2
DA:131,2
DA:133,0
DA:137,2
DA:142,4
LF:30
LH:29
BRDA:41,0,0,0
BRDA:44,1,0,4
BRDA:44,1,1,10
BRDA:45,2,0,14
BRDA:45,2,1,11
BRDA:45,2,2,11
BRDA:45,2,3,10
BRDA:45,2,4,10
BRDA:59,3,0,8
BRDA:59,3,1,2
BRDA:83,4,0,7
BRDA:83,4,1,1
BRDA:91,5,0,0
BRDA:91,5,1,8
BRDA:130,6,0,2
BRDA:130,6,1,0
BRDA:138,7,0,0
BRDA:138,7,1,2
BRF:18
BRH:14
end_of_record
TN:
SF:src\utils\errorHandler.ts
FN:6,(anonymous_0)
FN:27,handleError
FN:69,withErrorHandling
FN:84,getUserFriendlyMessage
FNF:4
FNH:0
FNDA:0,(anonymous_0)
FNDA:0,handleError
FNDA:0,withErrorHandling
FNDA:0,getUserFriendlyMessage
DA:11,0
DA:12,0
DA:16,0
DA:28,0
DA:30,0
DA:31,0
DA:34,0
DA:36,0
DA:37,0
DA:44,0
DA:45,0
DA:52,0
DA:59,0
DA:73,0
DA:74,0
DA:75,0
DA:77,0
DA:85,0
DA:87,0
DA:89,0
DA:91,0
DA:93,0
DA:95,0
DA:97,0
LF:24
LH:0
BRDA:28,0,0,0
BRDA:28,0,1,0
BRDA:30,1,0,0
BRDA:30,1,1,0
BRDA:34,2,0,0
BRDA:34,2,1,0
BRDA:36,3,0,0
BRDA:36,3,1,0
BRDA:36,4,0,0
BRDA:36,4,1,0
BRDA:44,5,0,0
BRDA:44,5,1,0
BRDA:44,6,0,0
BRDA:44,6,1,0
BRDA:53,7,0,0
BRDA:53,7,1,0
BRDA:85,8,0,0
BRDA:85,8,1,0
BRDA:85,8,2,0
BRDA:85,8,3,0
BRDA:85,8,4,0
BRDA:85,8,5,0
BRF:22
BRH:0
end_of_record
TN:
SF:src\utils\haptic.ts
FN:12,triggerHaptic
FN:32,triggerHapticForAction
FNF:2
FNH:0
FNDA:0,triggerHaptic
FNDA:0,triggerHapticForAction
DA:13,0
DA:14,0
DA:17,0
DA:19,0
DA:23,0
DA:28,0
DA:35,0
DA:37,0
DA:38,0
DA:40,0
DA:41,0
DA:43,0
DA:44,0
DA:46,0
DA:47,0
DA:49,0
DA:50,0
DA:52,0
DA:53,0
LF:19
LH:0
BRDA:12,0,0,0
BRDA:13,1,0,0
BRDA:13,1,1,0
BRDA:19,2,0,0
BRDA:19,2,1,0
BRDA:19,3,0,0
BRDA:19,3,1,0
BRDA:35,4,0,0
BRDA:35,4,1,0
BRDA:35,4,2,0
BRDA:35,4,3,0
BRDA:35,4,4,0
BRDA:35,4,5,0
BRF:13
BRH:0
end_of_record
TN:
SF:src\utils\history.ts
FN:24,saveConversion
FN:47,getConversionHistory
FN:56,(anonymous_2)
FN:65,deleteConversion
FN:68,(anonymous_4)
FN:75,clearConversionHistory
FN:83,formatConversionRecord
FNF:7
FNH:7
FNDA:3,saveConversion
FNDA:7,getConversionHistory
FNDA:214,(anonymous_2)
FNDA:1,deleteConversion
FNDA:2,(anonymous_4)
FNDA:1,clearConversionHistory
FNDA:1,formatConversionRecord
DA:21,1
DA:22,1
DA:27,3
DA:28,3
DA:30,3
DA:36,3
DA:41,3
DA:43,0
DA:48,7
DA:49,7
DA:50,5
DA:51,1
DA:54,4
DA:55,4
DA:57,214
DA:60,2
DA:61,2
DA:66,1
DA:67,1
DA:68,2
DA:69,1
DA:71,0
DA:76,1
DA:77,1
DA:79,0
DA:84,1
DA:92,1
LF:27
LH:24
BRDA:50,0,0,1
BRDA:50,0,1,4
BRF:2
BRH:2
end_of_record
TN:
SF:src\utils\multiCurrency.ts
FN:32,convertCurrency
FN:68,getCurrencyByCode
FN:69,(anonymous_2)
FN:72,formatCurrency
FN:78,getExchangeRates
FNF:5
FNH:0
FNDA:0,convertCurrency
FNDA:0,getCurrencyByCode
FNDA:0,(anonymous_2)
FNDA:0,formatCurrency
FNDA:0,getExchangeRates
DA:9,0
DA:38,0
DA:39,0
DA:49,0
DA:50,0
DA:53,0
DA:54,0
DA:55,0
DA:56,0
DA:58,0
DA:69,0
DA:73,0
DA:74,0
DA:75,0
DA:82,0
DA:84,0
DA:86,0
DA:93,0
DA:94,0
DA:97,0
DA:98,0
DA:99,0
DA:100,0
DA:102,0
DA:103,0
DA:104,0
DA:105,0
DA:108,0
DA:122,0
DA:123,0
DA:126,0
DA:127,0
DA:128,0
DA:131,0
DA:132,0
DA:135,0
DA:137,0
DA:140,0
DA:154,0
DA:155,0
DA:158,0
DA:159,0
DA:160,0
DA:163,0
DA:164,0
DA:167,0
LF:46
LH:0
BRDA:38,0,0,0
BRDA:38,0,1,0
BRDA:49,1,0,0
BRDA:49,1,1,0
BRDA:49,2,0,0
BRDA:49,2,1,0
BRDA:74,3,0,0
BRDA:74,3,1,0
BRDA:79,4,0,0
BRDA:93,5,0,0
BRDA:93,5,1,0
BRDA:93,6,0,0
BRDA:93,6,1,0
BRDA:99,7,0,0
BRDA:99,7,1,0
BRDA:100,8,0,0
BRDA:100,8,1,0
BRDA:104,9,0,0
BRDA:104,9,1,0
BRDA:105,10,0,0
BRDA:105,10,1,0
BRDA:111,11,0,0
BRDA:111,11,1,0
BRDA:112,12,0,0
BRDA:112,12,1,0
BRDA:122,13,0,0
BRDA:122,13,1,0
BRDA:127,14,0,0
BRDA:127,14,1,0
BRDA:154,15,0,0
BRDA:154,15,1,0
BRDA:159,16,0,0
BRDA:159,16,1,0
BRF:33
BRH:0
end_of_record
TN:
SF:src\utils\ratesHistory.ts
FN:8,generateHistoricalRates
FN:38,getChartData
FN:40,(anonymous_2)
FN:46,(anonymous_3)
FN:47,(anonymous_4)
FN:51,(anonymous_5)
FN:52,(anonymous_6)
FN:59,getRateStats
FN:60,(anonymous_8)
FN:61,(anonymous_9)
FN:63,(anonymous_10)
FN:65,(anonymous_11)
FNF:12
FNH:0
FNDA:0,generateHistoricalRates
FNDA:0,getChartData
FNDA:0,(anonymous_2)
FNDA:0,(anonymous_3)
FNDA:0,(anonymous_4)
FNDA:0,(anonymous_5)
FNDA:0,(anonymous_6)
FNDA:0,getRateStats
FNDA:0,(anonymous_8)
FNDA:0,(anonymous_9)
FNDA:0,(anonymous_10)
FNDA:0,(anonymous_11)
DA:9,0
DA:10,0
DA:13,0
DA:14,0
DA:16,0
DA:17,0
DA:18,0
DA:21,0
DA:22,0
DA:25,0
DA:26,0
DA:28,0
DA:35,0
DA:39,0
DA:41,0
DA:42,0
DA:46,0
DA:47,0
DA:51,0
DA:52,0
DA:60,0
DA:61,0
DA:63,0
DA:65,0
DA:67,0
DA:68,0
DA:69,0
DA:70,0
DA:72,0
DA:73,0
DA:74,0
DA:76,0
LF:32
LH:0
BRDA:8,0,0,0
BRDA:47,1,0,0
BRDA:52,2,0,0
BRDA:73,3,0,0
BRDA:73,3,1,0
BRF:5
BRH:0
end_of_record
TN:
SF:src\utils\responsive.ts
FN:5,(anonymous_0)
FN:13,(anonymous_1)
FN:17,(anonymous_2)
FN:21,(anonymous_3)
FN:34,(anonymous_4)
FN:45,(anonymous_5)
FN:56,(anonymous_6)
FN:67,(anonymous_7)
FNF:8
FNH:0
FNDA:0,(anonymous_0)
FNDA:0,(anonymous_1)
FNDA:0,(anonymous_2)
FNDA:0,(anonymous_3)
FNDA:0,(anonymous_4)
FNDA:0,(anonymous_5)
FNDA:0,(anonymous_6)
FNDA:0,(anonymous_7)
DA:3,0
DA:5,0
DA:6,0
DA:7,0
DA:13,0
DA:14,0
DA:17,0
DA:18,0
DA:21,0
DA:22,0
DA:23,0
DA:25,0
DA:26,0
DA:28,0
DA:29,0
DA:31,0
DA:34,0
DA:35,0
DA:36,0
DA:42,0
DA:45,0
DA:46,0
DA:47,0
DA:53,0
DA:56,0
DA:57,0
DA:58,0
DA:64,0
DA:67,0
DA:68,0
DA:69,0
DA:75,0
LF:32
LH:0
BRDA:8,0,0,0
BRDA:8,0,1,0
BRDA:8,0,2,0
BRDA:8,0,3,0
BRDA:14,1,0,0
BRDA:14,1,1,0
BRDA:18,2,0,0
BRDA:18,2,1,0
BRDA:22,3,0,0
BRDA:22,3,1,0
BRDA:25,4,0,0
BRDA:25,4,1,0
BRDA:28,5,0,0
BRDA:28,5,1,0
BRF:14
BRH:0
end_of_record
